2025-09-02 10:16:54 [INFO] Press DELETE key to exit anytime.
2025-09-02 10:16:59 [INFO] Starting Script. Waiting for client...
2025-09-02 10:16:59 [INFO] Connected to League client.
2025-09-02 10:17:01 [INFO] [EVENT] Starting queue.
2025-09-02 10:17:02 [INFO] Accepted ready check.
2025-09-02 10:17:03 [INFO] Bravery pick response status: 500
2025-09-02 10:17:04 [INFO] Random pick response status: 204
2025-09-02 10:17:09 [INFO] [EVENT] Starting queue.
2025-09-02 10:17:12 [INFO] Bravery pick response status: 500
2025-09-02 10:17:12 [INFO] Random pick response status: 500
2025-09-02 10:17:25 [INFO] Event loop interrupted by keyboard
2025-09-02 10:17:25 [ERROR] Task was destroyed but it is pending!
task: <Task pending name='Task-20' coro=<on_gameflow_phase() done, defined at c:\Users\Wesley\Documents\GitHub\League-Scripts-2\main.py:59> wait_for=<Future pending cb=[Task.task_wakeup()]>>
2025-09-02 10:17:25 [ERROR] Unclosed client session
client_session: <aiohttp.client.ClientSession object at 0x000002847BA691D0>
2025-09-02 10:17:25 [ERROR] Unclosed connector
connections: ['deque([(<aiohttp.client_proto.ResponseHandler object at 0x000002847B9B6BA0>, 1918.5)])']
connector: <aiohttp.connector.TCPConnector object at 0x000002847BA692D0>
2025-09-02 10:17:25 [ERROR] Unclosed client session
client_session: <aiohttp.client.ClientSession object at 0x000002847B152B50>
