2025-08-30 15:03:27 [INFO] Press DELETE key to exit anytime.
2025-08-30 15:03:28 [INFO] Running tests...
2025-08-30 15:03:28 [INFO] Running tests...
2025-08-30 15:03:28 [INFO] Bot has started.
2025-08-30 15:03:28 [INFO] Running game loop...
2025-08-30 15:03:28 [WARNING] No game data available.
2025-08-30 15:03:28 [INFO] Running combat phase...
2025-08-30 15:03:29 [INFO] Running game loop...
2025-08-30 15:03:29 [WARNING] No game data available.
2025-08-30 15:03:29 [INFO] Running combat phase...
2025-08-30 15:03:30 [INFO] Running game loop...
2025-08-30 15:03:30 [WARNING] No game data available.
2025-08-30 15:03:30 [INFO] Running combat phase...
2025-08-30 15:03:31 [INFO] Running game loop...
2025-08-30 15:03:31 [WARNING] No game data available.
2025-08-30 15:03:31 [INFO] Running combat phase...
2025-08-30 15:03:32 [INFO] Running game loop...
2025-08-30 15:03:32 [WARNING] No game data available.
2025-08-30 15:03:32 [INFO] Running combat phase...
2025-08-30 15:03:32 [INFO] DELETE key pressed. Exiting program...
2025-08-30 15:03:55 [INFO] Press DELETE key to exit anytime.
