2025-12-26 14:48:07 [INFO] Press DELETE key to exit anytime.
2025-12-26 14:48:08 [INFO] Starting Script. Waiting for client...
2025-12-26 14:48:09 [INFO] Connected to League client.
2025-12-26 14:48:10 [INFO] [EVENT] Game is in progress.
2025-12-26 14:48:10 [INFO] Starting bot for mode: core.run_yuumi_sr
2025-12-26 14:48:10 [INFO] Game loop has started.
2025-12-26 14:48:37 [INFO] Attach window timed out.
2025-12-26 14:48:57 [INFO] Attach window timed out.
2025-12-26 14:49:18 [INFO] Attach window timed out.
2025-12-26 14:49:18 [INFO] Attach window timed out.
2025-12-26 14:50:05 [INFO] Attach window timed out.
2025-12-26 14:50:18 [INFO] Shutting down program...
2025-12-26 14:50:18 [INFO] [INFO] Connector has been closed.
2025-12-26 14:50:19 [INFO] Attach window timed out.
2025-12-26 14:50:30 [INFO] Polling thread has exited.
2025-12-26 14:50:30 [INFO] Game loop has ended.
2025-12-26 14:50:30 [INFO] Game loop duration: 00:02:19
2025-12-26 14:50:30 [INFO] Bot thread has exited.
2025-12-26 14:50:30 [INFO] Shut down complete.
2025-12-26 14:50:43 [INFO] [INFO] Connector has been closed.
