2025-12-26 14:54:02 [INFO] Press DELETE key to exit anytime.
2025-12-26 14:54:13 [INFO] Press DELETE key to exit anytime.
2025-12-26 14:54:14 [INFO] Starting Script. Waiting for client...
2025-12-26 14:54:15 [INFO] Connected to League client.
2025-12-26 14:54:16 [INFO] [EVENT] Game is in progress.
2025-12-26 14:54:16 [INFO] Starting bot for mode: core.run_yuumi_sr
2025-12-26 14:54:16 [INFO] Game loop has started.
2025-12-26 14:54:54 [INFO] Attached ally gone, detaching.
2025-12-26 14:55:15 [INFO] Attached ally gone, detaching.
2025-12-26 14:55:15 [INFO] Attach window timed out.
2025-12-26 14:55:48 [INFO] Attach window timed out.
2025-12-26 14:55:48 [INFO] Attach window timed out.
2025-12-26 14:56:29 [INFO] Attach window timed out.
2025-12-26 14:56:41 [INFO] Attach window timed out.
2025-12-26 14:56:54 [INFO] Attach window timed out.
2025-12-26 14:57:08 [INFO] Shutting down program...
2025-12-26 14:57:08 [INFO] [INFO] Connector has been closed.
2025-12-26 14:57:09 [INFO] Polling thread has exited.
2025-12-26 14:57:09 [INFO] Game loop has ended.
2025-12-26 14:57:09 [INFO] Game loop duration: 00:02:53
2025-12-26 14:57:09 [INFO] Bot thread has exited.
2025-12-26 14:57:09 [INFO] Shut down complete.
2025-12-26 14:57:14 [INFO] [INFO] Connector has been closed.
