2025-12-18 11:36:41 [INFO] Press DELETE key to exit anytime.
2025-12-18 11:36:42 [INFO] Starting Script. Waiting for client...
2025-12-18 11:36:42 [INFO] Connected to League client.
2025-12-18 11:36:43 [INFO] [EVENT] Game is in progress.
2025-12-18 11:36:43 [INFO] Starting bot for mode: core.run_aram
2025-12-18 11:36:44 [INFO] Game has started.
2025-12-18 11:36:46 [INFO] OCR: 'SELL' not found on screen.
2025-12-18 11:36:46 [INFO] OCR: 'SELL' not found on screen.
2025-12-18 11:36:47 [INFO] OCR: 'SELL' not found on screen.
2025-12-18 11:36:48 [INFO] OCR: 'SELL' not found on screen.
2025-12-18 11:36:48 [INFO] OCR: 'SELL' not found on screen.
2025-12-18 11:36:49 [INFO] OCR: 'SELL' not found on screen.
2025-12-18 11:36:50 [INFO] OCR: 'SELL' not found on screen.
2025-12-18 11:36:51 [INFO] OCR: Found text 'SELL' at location (500, 853, 38, 13)
2025-12-18 11:36:53 [INFO] OCR: Found text 'SELL' at location (500, 853, 38, 13)
2025-12-18 11:36:54 [INFO] OCR: Found text 'SELL' at location (500, 853, 38, 13)
2025-12-18 11:36:55 [INFO] OCR: 'SELL' not found on screen.
2025-12-18 11:36:56 [INFO] OCR: 'SELL' not found on screen.
2025-12-18 11:36:57 [INFO] OCR: 'SELL' not found on screen.
2025-12-18 11:36:57 [INFO] OCR: 'SELL' not found on screen.
2025-12-18 11:36:58 [INFO] OCR: 'SELL' not found on screen.
2025-12-18 11:36:59 [INFO] OCR: 'SELL' not found on screen.
2025-12-18 11:36:59 [INFO] OCR: 'SELL' not found on screen.
2025-12-18 11:37:00 [INFO] OCR: 'SELL' not found on screen.
2025-12-18 11:37:01 [INFO] OCR: 'SELL' not found on screen.
2025-12-18 11:37:02 [INFO] OCR: Found text 'SELL' at location (500, 853, 38, 13)
2025-12-18 11:37:04 [INFO] OCR: Found text 'SELL' at location (500, 853, 38, 13)
2025-12-18 11:37:05 [INFO] OCR: 'SELL' not found on screen.
2025-12-18 11:37:16 [INFO] Shutting down program...
2025-12-18 11:37:16 [INFO] [INFO] Connector has been closed.
2025-12-18 11:37:16 [INFO] Bot thread has exited.
2025-12-18 11:37:16 [INFO] Shut down complete.
