2025-09-06 14:29:06 [INFO] Press DELETE key to exit anytime.
2025-09-06 14:29:07 [INFO] Starting Script. Waiting for client...
2025-09-06 14:29:08 [INFO] Connected to League client.
2025-09-06 14:29:09 [INFO] [EVENT] Game ended.
2025-09-06 14:29:09 [INFO] Sent play-again request.
2025-09-06 14:29:10 [INFO] [EVENT] Starting queue.
2025-09-06 14:29:11 [INFO] Picking random champion ID: 114
2025-09-06 14:29:23 [INFO] [EVENT] Game is in progress.
2025-09-06 14:29:25 [INFO] [EVENT] Game is in progress.
2025-09-06 14:29:25 [INFO] Starting bot for mode: core.run_aram
2025-09-06 14:29:25 [INFO] Starting bot for mode: core.run_aram
2025-09-06 14:29:31 [INFO] Game has started.
2025-09-06 14:29:31 [INFO] Game has started.
2025-09-06 14:29:32 [INFO] OCR: Text 'SELL' not found on screen.
2025-09-06 14:29:32 [INFO] OCR: Text 'SELL' not found on screen.
2025-09-06 14:29:33 [INFO] OCR: Text 'SELL' not found on screen.
2025-09-06 14:29:33 [INFO] OCR: Text 'SELL' not found on screen.
2025-09-06 14:29:34 [INFO] OCR: Text 'SELL' not found on screen.
2025-09-06 14:29:34 [INFO] OCR: Text 'SELL' not found on screen.
2025-09-06 14:29:35 [INFO] OCR: Text 'SELL' not found on screen.
2025-09-06 14:29:35 [INFO] OCR: Text 'SELL' not found on screen.
2025-09-06 14:29:36 [INFO] OCR: Text 'SELL' not found on screen.
2025-09-06 14:29:36 [INFO] OCR: Text 'SELL' not found on screen.
2025-09-06 14:29:37 [INFO] OCR: Text 'SELL' not found on screen.
2025-09-06 14:29:37 [INFO] OCR: Text 'SELL' not found on screen.
2025-09-06 14:29:38 [INFO] OCR: Text 'SELL' not found on screen.
2025-09-06 14:29:38 [INFO] OCR: Text 'SELL' not found on screen.
2025-09-06 14:29:39 [INFO] OCR: Text 'SELL' not found on screen.
2025-09-06 14:29:39 [INFO] OCR: Text 'SELL' not found on screen.
2025-09-06 14:29:40 [INFO] OCR: Text 'SELL' not found on screen.
2025-09-06 14:29:40 [INFO] OCR: Text 'SELL' not found on screen.
2025-09-06 14:29:41 [INFO] OCR: Text 'SELL' not found on screen.
2025-09-06 14:29:41 [INFO] Shop not found, pressing shop key again and retrying...
2025-09-06 14:29:42 [INFO] OCR: Text 'SELL' not found on screen.
2025-09-06 14:29:42 [INFO] Shop not found, pressing shop key again and retrying...
2025-09-06 14:29:43 [INFO] OCR: Text 'SELL' not found on screen.
2025-09-06 14:29:43 [INFO] OCR: Found text 'SELL' at location (583, 850, 36, 12)
2025-09-06 14:29:44 [INFO] OCR: Text 'SELL' not found on screen.
2025-09-06 14:29:45 [INFO] OCR: Found text 'SELL' at location (583, 850, 36, 12)
2025-09-06 14:29:57 [INFO] OCR: Text 'SELL' not found on screen.
2025-09-06 14:29:58 [INFO] OCR: Text 'SELL' not found on screen.
2025-09-06 14:29:59 [INFO] OCR: Text 'SELL' not found on screen.
2025-09-06 14:29:59 [INFO] OCR: Text 'SELL' not found on screen.
2025-09-06 14:30:00 [INFO] OCR: Text 'SELL' not found on screen.
2025-09-06 14:30:00 [INFO] OCR: Text 'SELL' not found on screen.
2025-09-06 14:30:01 [INFO] OCR: Text 'SELL' not found on screen.
2025-09-06 14:30:02 [INFO] OCR: Text 'SELL' not found on screen.
2025-09-06 14:30:03 [INFO] OCR: Text 'SELL' not found on screen.
2025-09-06 14:30:03 [INFO] OCR: Text 'SELL' not found on screen.
2025-09-06 14:30:04 [INFO] OCR: Text 'SELL' not found on screen.
2025-09-06 14:30:04 [INFO] OCR: Text 'SELL' not found on screen.
2025-09-06 14:30:05 [INFO] OCR: Text 'SELL' not found on screen.
2025-09-06 14:30:05 [INFO] OCR: Text 'SELL' not found on screen.
2025-09-06 14:30:06 [INFO] OCR: Text 'SELL' not found on screen.
2025-09-06 14:30:06 [INFO] OCR: Text 'SELL' not found on screen.
2025-09-06 14:30:07 [INFO] OCR: Text 'SELL' not found on screen.
2025-09-06 14:30:07 [INFO] OCR: Text 'SELL' not found on screen.
2025-09-06 14:30:08 [INFO] OCR: Text 'SELL' not found on screen.
2025-09-06 14:30:09 [INFO] Shop not found, pressing shop key again and retrying...
2025-09-06 14:30:09 [INFO] OCR: Text 'SELL' not found on screen.
2025-09-06 14:30:09 [INFO] Shop not found, pressing shop key again and retrying...
2025-09-06 14:30:10 [INFO] OCR: Text 'SELL' not found on screen.
2025-09-06 14:30:10 [INFO] OCR: Text 'SELL' not found on screen.
2025-09-06 14:30:11 [INFO] OCR: Text 'SELL' not found on screen.
2025-09-06 14:30:11 [INFO] OCR: Text 'SELL' not found on screen.
2025-09-06 14:30:12 [INFO] OCR: Text 'SELL' not found on screen.
2025-09-06 14:30:12 [INFO] OCR: Text 'SELL' not found on screen.
2025-09-06 14:30:13 [INFO] OCR: Text 'SELL' not found on screen.
2025-09-06 14:30:13 [INFO] OCR: Text 'SELL' not found on screen.
2025-09-06 14:30:14 [INFO] OCR: Text 'SELL' not found on screen.
2025-09-06 14:30:14 [INFO] OCR: Text 'SELL' not found on screen.
2025-09-06 14:30:15 [INFO] OCR: Text 'SELL' not found on screen.
2025-09-06 14:30:15 [INFO] OCR: Text 'SELL' not found on screen.
2025-09-06 14:30:16 [INFO] OCR: Text 'SELL' not found on screen.
2025-09-06 14:30:16 [INFO] OCR: Text 'SELL' not found on screen.
2025-09-06 14:30:17 [INFO] OCR: Text 'SELL' not found on screen.
2025-09-06 14:30:17 [INFO] OCR: Text 'SELL' not found on screen.
2025-09-06 14:30:18 [INFO] OCR: Text 'SELL' not found on screen.
2025-09-06 14:30:19 [INFO] OCR: Text 'SELL' not found on screen.
2025-09-06 14:30:19 [INFO] OCR: Text 'SELL' not found on screen.
2025-09-06 14:30:19 [WARNING] Shop could not be detected while attempting to shop.
2025-09-06 14:30:20 [INFO] OCR: Text 'SELL' not found on screen.
2025-09-06 14:30:20 [WARNING] Shop could not be detected while attempting to shop.
2025-09-06 14:30:22 [INFO] Attempting to vote surrender...
2025-09-06 14:30:23 [INFO] Attempting to vote surrender...
2025-09-06 14:30:24 [INFO] OCR: Found text 'SELL' at location (583, 850, 36, 12)
2025-09-06 14:30:25 [INFO] OCR: Found text 'SELL' at location (583, 850, 36, 12)
2025-09-06 14:30:29 [INFO] Attempting to vote surrender...
2025-09-06 14:30:30 [INFO] Attempting to vote surrender...
2025-09-06 14:30:36 [INFO] DELETE key pressed. Exiting program...
