2025-12-18 14:52:29 [INFO] Press DELETE key to exit anytime.
2025-12-18 14:52:45 [INFO] Press DELETE key to exit anytime.
2025-12-18 14:52:47 [INFO] Starting Script. Waiting for client...
2025-12-18 14:52:48 [INFO] Connected to League client.
2025-12-18 14:52:53 [INFO] Picking random champion ID: 126
2025-12-18 14:53:04 [INFO] [EVENT] Game is in progress.
2025-12-18 14:53:12 [INFO] Starting bot for mode: core.run_aram
2025-12-18 14:53:13 [INFO] Game has started.
2025-12-18 14:53:22 [INFO] OCR: 'SELL' not found on screen.
2025-12-18 14:53:23 [INFO] OCR: 'SELL' not found on screen.
2025-12-18 14:53:24 [INFO] OCR: 'SELL' not found on screen.
2025-12-18 14:53:24 [INFO] OCR: 'SELL' not found on screen.
2025-12-18 14:53:25 [INFO] OCR: 'SELL' not found on screen.
2025-12-18 14:53:25 [INFO] OCR: 'SELL' not found on screen.
2025-12-18 14:53:26 [INFO] OCR: 'SELL' not found on screen.
2025-12-18 14:53:27 [INFO] OCR: 'SELL' not found on screen.
2025-12-18 14:53:27 [INFO] OCR: 'SELL' not found on screen.
2025-12-18 14:53:28 [INFO] OCR: 'SELL' not found on screen.
2025-12-18 14:53:29 [INFO] OCR: 'SELL' not found on screen.
2025-12-18 14:53:30 [INFO] OCR: Found text 'SELL' at location (500, 853, 38, 13)
