2025-12-17 11:57:14 [INFO] Press DELETE key to exit anytime.
2025-12-17 11:57:19 [INFO] Starting Script. Waiting for client...
2025-12-17 11:57:19 [INFO] Connected to League client.
2025-12-17 11:57:21 [INFO] [EVENT] Starting queue.
2025-12-17 11:57:21 [INFO] Picking random champion ID: 19
2025-12-17 11:57:22 [INFO] Accepted ready check.
2025-12-17 11:57:33 [INFO] [EVENT] Game is in progress.
2025-12-17 11:57:41 [INFO] Starting bot for mode: core.run_test
2025-12-17 11:57:42 [INFO] Game has started.
2025-12-17 11:57:45 [INFO] Shutting down program...
2025-12-17 11:57:45 [INFO] Game loop has exited.
2025-12-17 11:57:45 [INFO] [INFO] Connector has been closed.
2025-12-17 11:57:45 [INFO] Shut down complete.
2025-12-17 11:57:49 [INFO] Press DELETE key to exit anytime.
2025-12-17 11:57:51 [INFO] Starting Script. Waiting for client...
2025-12-17 11:57:51 [INFO] Connected to League client.
2025-12-17 11:57:52 [INFO] [EVENT] Game is in progress.
2025-12-17 11:57:53 [INFO] Starting bot for mode: core.run_test
2025-12-17 11:57:54 [INFO] Game has started.
2025-12-17 11:58:03 [INFO] Game loop has exited.
2025-12-17 11:58:04 [INFO] [EVENT] Game ended.
2025-12-17 11:58:04 [INFO] Sent play-again request.
2025-12-17 11:58:06 [INFO] [EVENT] Starting queue.
2025-12-17 11:58:06 [INFO] Picking random champion ID: 887
2025-12-17 11:58:08 [INFO] Shutting down program...
2025-12-17 11:58:08 [INFO] [INFO] Connector has been closed.
2025-12-17 11:58:08 [INFO] Shut down complete.
2025-12-17 11:58:08 [INFO] [INFO] Connector has been closed.
2025-12-17 11:58:08 [ERROR] Task was destroyed but it is pending!
task: <Task pending name='Task-18' coro=<on_gameflow_phase() done, defined at c:\Users\Wesley\Documents\GitHub\INTAI\main.py:60> wait_for=<Future pending cb=[Task.task_wakeup()]>>
