2025-12-28 15:55:22 [INFO] Press DELETE key to exit anytime.
2025-12-28 15:55:23 [INFO] Starting Script. Waiting for client...
2025-12-28 15:55:23 [INFO] Starting LCU connector...
2025-12-28 15:55:24 [INFO] Connected to League client.
2025-12-28 15:55:25 [INFO] [EVENT] Game is in progress.
2025-12-28 15:55:25 [INFO] Starting bot for mode: core.run_yuumi_sr
2025-12-28 15:55:25 [INFO] Game loop has started.
2025-12-28 15:56:10 [INFO] Ally 4 not found, trying next ally.
2025-12-28 15:56:12 [INFO] Ally 1 not found, trying next ally.
2025-12-28 15:56:13 [INFO] Ally 2 not found, trying next ally.
2025-12-28 15:56:54 [INFO] Ally 3 not found, trying next ally.
2025-12-28 15:56:54 [INFO] No allies found, recalling.
2025-12-28 15:57:43 [INFO] Successfully attached.
2025-12-28 15:58:29 [INFO] Detached from ally.
2025-12-28 15:59:02 [INFO] Successfully attached.
2025-12-28 16:00:31 [INFO] Detached from ally.
2025-12-28 16:00:33 [INFO] Ally 4 not found, trying next ally.
2025-12-28 16:00:40 [INFO] Died while trying to attach.
2025-12-28 16:01:24 [INFO] Successfully attached.
2025-12-28 16:01:59 [INFO] Detached from ally.
2025-12-28 16:02:03 [INFO] Ally 4 not found, trying next ally.
2025-12-28 16:02:05 [INFO] Ally 1 not found, trying next ally.
2025-12-28 16:02:06 [INFO] Shutting down program...
2025-12-28 16:02:06 [INFO] [INFO] Connector has been closed.
2025-12-28 16:02:06 [INFO] [INFO] Connector has been closed.
2025-12-28 16:02:06 [ERROR] Task was destroyed but it is pending!
task: <Task pending name='Task-7' coro=<LCUManager._register_handlers.<locals>._on_gameflow_phase() running at c:\Users\Wesley\Documents\GitHub\INTAI\core\lcu_manager.py:41> wait_for=<Future pending cb=[Task.task_wakeup()]>>
