2025-09-02 18:03:13 [INFO] Press DELETE key to exit anytime.
2025-09-02 18:03:15 [INFO] Starting Script. Waiting for client...
2025-09-02 18:03:15 [INFO] Connected to League client.
2025-09-02 18:03:16 [INFO] [EVENT] Starting queue.
2025-09-02 18:04:56 [INFO] Event loop interrupted by keyboard
2025-09-02 18:04:56 [ERROR] Task was destroyed but it is pending!
task: <Task pending name='Task-9' coro=<on_gameflow_phase() running at c:\Users\Wesley\Documents\GitHub\League-Scripts-2\main.py:71> wait_for=<Future finished result=None>>
2025-09-02 18:04:57 [ERROR] Task exception was never retrieved
future: <Task finished name='Task-8' coro=<on_champ_select_session() done, defined at c:\Users\Wesley\Documents\GitHub\League-Scripts-2\main.py:126> exception=KeyboardInterrupt()>
Traceback (most recent call last):
  File "c:\Users\Wesley\AppData\Local\Programs\Python\Python311\Lib\site-packages\lcu_driver\connector.py", line 70, in start
    wrapper()
  File "c:\Users\Wesley\AppData\Local\Programs\Python\Python311\Lib\site-packages\lcu_driver\connector.py", line 64, in wrapper
    self.loop.run_until_complete(connection.init())
  File "c:\Users\Wesley\AppData\Local\Programs\Python\Python311\Lib\asyncio\base_events.py", line 641, in run_until_complete
    self.run_forever()
  File "c:\Users\Wesley\AppData\Local\Programs\Python\Python311\Lib\asyncio\windows_events.py", line 321, in run_forever
    super().run_forever()
  File "c:\Users\Wesley\AppData\Local\Programs\Python\Python311\Lib\asyncio\base_events.py", line 608, in run_forever
    self._run_once()
  File "c:\Users\Wesley\AppData\Local\Programs\Python\Python311\Lib\asyncio\base_events.py", line 1936, in _run_once
    handle._run()
  File "c:\Users\Wesley\AppData\Local\Programs\Python\Python311\Lib\asyncio\events.py", line 84, in _run
    self._context.run(self._callback, *self._args)
  File "c:\Users\Wesley\Documents\GitHub\League-Scripts-2\main.py", line 162, in on_champ_select_session
    logging.info(f"Owned champion IDs: {owned_champ_ids}")
    ^^^^^^^
  File "c:\Users\Wesley\Documents\GitHub\League-Scripts-2\main.py", line 162, in on_champ_select_session
    logging.info(f"Owned champion IDs: {owned_champ_ids}")
    ^^^^^^^
  File "_pydevd_bundle\\pydevd_cython.pyx", line 1697, in _pydevd_bundle.pydevd_cython.SafeCallWrapper.__call__
  File "_pydevd_bundle\\pydevd_cython.pyx", line 634, in _pydevd_bundle.pydevd_cython.PyDBFrame.trace_dispatch
  File "_pydevd_bundle\\pydevd_cython.pyx", line 1368, in _pydevd_bundle.pydevd_cython.PyDBFrame.trace_dispatch
  File "_pydevd_bundle\\pydevd_cython.pyx", line 1311, in _pydevd_bundle.pydevd_cython.PyDBFrame.trace_dispatch
  File "_pydevd_bundle\\pydevd_cython.pyx", line 494, in _pydevd_bundle.pydevd_cython.PyDBFrame.do_wait_suspend
  File "c:\Users\Wesley\.vscode\extensions\ms-python.debugpy-2025.10.0-win32-x64\bundled\libs\debugpy\_vendored\pydevd\pydevd.py", line 2188, in do_wait_suspend
    keep_suspended = self._do_wait_suspend(thread, frame, event, arg, trace_suspend_type, from_this_thread, frames_tracker)
                     ^^^^^^^^^^^^^^^^^^^^^^^^^^^^^^^^^^^^^^^^^^^^^^^^^^^^^^^^^^^^^^^^^^^^^^^^^^^^^^^^^^^^^^^^^^^^^^^^^^^^^^
  File "c:\Users\Wesley\.vscode\extensions\ms-python.debugpy-2025.10.0-win32-x64\bundled\libs\debugpy\_vendored\pydevd\pydevd.py", line 2257, in _do_wait_suspend
    notify_event.wait(wait_timeout)
  File "c:\Users\Wesley\AppData\Local\Programs\Python\Python311\Lib\threading.py", line 629, in wait
    signaled = self._cond.wait(timeout)
               ^^^^^^^^^^^^^^^^^^^^^^^^
  File "c:\Users\Wesley\AppData\Local\Programs\Python\Python311\Lib\threading.py", line 331, in wait
    gotit = waiter.acquire(True, timeout)
            ^^^^^^^^^^^^^^^^^^^^^^^^^^^^^
KeyboardInterrupt
