2025-12-26 14:37:49 [INFO] Press DELETE key to exit anytime.
2025-12-26 14:37:55 [INFO] Starting Script. Waiting for client...
2025-12-26 14:37:55 [INFO] Connected to League client.
2025-12-26 14:37:56 [INFO] [EVENT] Game is in progress.
2025-12-26 14:37:56 [INFO] Starting bot for mode: core.run_yuumi_sr
2025-12-26 14:37:57 [INFO] Game loop has started.
2025-12-26 14:38:10 [INFO] Attached ally gone, detaching.
2025-12-26 14:38:31 [INFO] Attach window timed out.
2025-12-26 14:38:57 [INFO] Attached ally gone, detaching.
2025-12-26 14:39:18 [INFO] Attach window timed out.
2025-12-26 14:40:27 [INFO] Attached ally gone, detaching.
2025-12-26 14:40:48 [INFO] Attach window timed out.
2025-12-26 14:40:49 [INFO] Shutting down program...
2025-12-26 14:40:49 [INFO] [INFO] Connector has been closed.
2025-12-26 14:40:50 [INFO] Attach window timed out.
2025-12-26 14:41:01 [INFO] Polling thread has exited.
2025-12-26 14:41:01 [INFO] Game loop has ended.
2025-12-26 14:41:01 [INFO] Game loop duration: 00:03:04
2025-12-26 14:41:01 [INFO] Bot thread has exited.
2025-12-26 14:41:01 [INFO] Shut down complete.
2025-12-26 14:41:13 [INFO] [INFO] Connector has been closed.
