2025-09-06 14:34:16 [INFO] Press DELETE key to exit anytime.
2025-09-06 14:34:19 [INFO] Starting Script. Waiting for client...
2025-09-06 14:34:19 [INFO] Connected to League client.
2025-09-06 14:34:20 [INFO] [EVENT] Game is in progress.
2025-09-06 14:34:20 [INFO] Starting bot for mode: core.run_aram
2025-09-06 14:34:22 [INFO] Game has started.
2025-09-06 14:34:23 [INFO] OCR: Text 'SELL' not found on screen.
2025-09-06 14:34:24 [INFO] OCR: Text 'SELL' not found on screen.
2025-09-06 14:34:25 [INFO] OCR: Text 'SELL' not found on screen.
2025-09-06 14:34:26 [INFO] OCR: Text 'SELL' not found on screen.
2025-09-06 14:34:27 [INFO] OCR: Text 'SELL' not found on screen.
2025-09-06 14:34:29 [INFO] OCR: Text 'SELL' not found on screen.
2025-09-06 14:34:30 [INFO] OCR: Text 'SELL' not found on screen.
2025-09-06 14:34:31 [INFO] OCR: Text 'SELL' not found on screen.
2025-09-06 14:34:32 [INFO] OCR: Text 'SELL' not found on screen.
2025-09-06 14:34:33 [INFO] OCR: Text 'SELL' not found on screen.
2025-09-06 14:34:33 [INFO] Shop not found, pressing shop key again and retrying...
2025-09-06 14:34:35 [INFO] OCR: Found text 'SELL' at location (583, 850, 36, 12)
2025-09-06 14:34:46 [INFO] OCR: Found text 'SELL' at location (583, 850, 36, 12)
2025-09-06 14:34:51 [INFO] Attempting to vote surrender...
2025-09-06 14:34:55 [INFO] OCR: Found text 'SELL' at location (583, 850, 36, 12)
2025-09-06 14:35:01 [INFO] Attempting to vote surrender...
2025-09-06 14:37:15 [INFO] OCR: Found text 'SELL' at location (583, 850, 36, 12)
2025-09-06 14:37:20 [INFO] Attempting to vote surrender...
2025-09-06 14:37:24 [INFO] OCR: Found text 'SELL' at location (583, 850, 36, 12)
2025-09-06 14:37:30 [INFO] Attempting to vote surrender...
2025-09-06 14:38:16 [INFO] DELETE key pressed. Exiting program...
