2025-09-02 18:02:21 [INFO] Press DELETE key to exit anytime.
2025-09-02 18:02:22 [INFO] Starting Script. Waiting for client...
2025-09-02 18:02:23 [INFO] Connected to League client.
2025-09-02 18:02:24 [INFO] [EVENT] Starting queue.
2025-09-02 18:02:24 [INFO] Owned champion IDs: []
2025-09-02 18:02:24 [INFO] Allowed champion IDs: []
2025-09-02 18:02:24 [INFO] Pickable champion IDs (allowed ∩ owned): []
2025-09-02 18:02:25 [INFO] Accepted ready check.
2025-09-02 18:02:26 [ERROR] Task exception was never retrieved
future: <Task finished name='Task-8' coro=<on_champ_select_session() done, defined at c:\Users\Wesley\Documents\GitHub\League-Scripts-2\main.py:126> exception=IndexError('Cannot choose from an empty sequence')>
Traceback (most recent call last):
  File "c:\Users\Wesley\Documents\GitHub\League-Scripts-2\main.py", line 192, in on_champ_select_session
    champ_id = random.choice(pickable_champ_ids)
               ^^^^^^^^^^^^^^^^^^^^^^^^^^^^^^^^^
  File "C:\Users\Wesley\AppData\Local\Programs\Python\Python311\Lib\random.py", line 373, in choice
    raise IndexError('Cannot choose from an empty sequence')
IndexError: Cannot choose from an empty sequence
2025-09-02 18:02:32 [INFO] Event loop interrupted by keyboard
2025-09-02 18:02:32 [ERROR] Unclosed client session
client_session: <aiohttp.client.ClientSession object at 0x000001911B6DE410>
2025-09-02 18:02:32 [ERROR] Unclosed connector
connections: ['deque([(<aiohttp.client_proto.ResponseHandler object at 0x000001911BC99010>, 566.453)])']
connector: <aiohttp.connector.TCPConnector object at 0x000001911BD26F10>
2025-09-02 18:02:32 [ERROR] Unclosed client session
client_session: <aiohttp.client.ClientSession object at 0x000001911B116AD0>
