2025-08-30 15:57:52 [INFO] Press DELETE key to exit anytime.
2025-08-30 15:57:53 [INFO] Starting Script. Waiting for client...
2025-08-30 15:57:53 [INFO] Connected to League client.
2025-08-30 15:57:53 [INFO] [EVENT] Game is in progress.
2025-08-30 15:57:54 [INFO] Starting bot for mode: core.run_test
2025-08-30 15:57:54 [INFO] Keybinds: {'center_camera': 'space', 'hold_to_level': 'shift', 'item_1': '1', 'item_2': '2', 'item_3': '3', 'item_4': '5', 'item_5': '6', 'item_6': '7', 'recall': 'b', 'select_ally_1': 'f1', 'select_ally_2': 'f2', 'select_ally_3': 'f3', 'select_ally_4': 'f4', 'shop': 'p', 'spell_1': 'q', 'spell_2': 'w', 'spell_3': 'e', 'spell_4': 'r', 'sum_1': 'd', 'sum_2': 'f'}
2025-08-30 15:57:54 [INFO] Bot has started.
2025-08-30 15:57:54 [INFO] Running game loop...
2025-08-30 15:57:55 [INFO] Running game loop...
2025-08-30 15:57:55 [INFO] Game data is available.
2025-08-30 15:57:56 [INFO] Running game loop...
2025-08-30 15:57:56 [INFO] Game data is available.
2025-08-30 15:57:57 [INFO] Running game loop...
2025-08-30 15:57:57 [INFO] Game data is available.
2025-08-30 15:57:58 [INFO] Running game loop...
2025-08-30 15:57:58 [INFO] Game data is available.
2025-08-30 15:57:59 [INFO] Running game loop...
2025-08-30 15:57:59 [INFO] Game data is available.
2025-08-30 15:58:00 [INFO] Running game loop...
2025-08-30 15:58:00 [INFO] Game data is available.
2025-08-30 15:58:01 [INFO] Running game loop...
2025-08-30 15:58:01 [INFO] Game data is available.
2025-08-30 15:58:02 [INFO] Running game loop...
2025-08-30 15:58:02 [INFO] Game data is available.
2025-08-30 15:58:03 [INFO] Running game loop...
2025-08-30 15:58:03 [INFO] Game data is available.
2025-08-30 15:58:04 [INFO] Running game loop...
2025-08-30 15:58:04 [INFO] Game data is available.
2025-08-30 15:58:04 [INFO] DELETE key pressed. Exiting program...
