2025-12-26 13:20:00 [INFO] Press DELETE key to exit anytime.
2025-12-26 13:20:27 [INFO] Press DELETE key to exit anytime.
2025-12-26 13:20:45 [INFO] Starting Script. Waiting for client...
2025-12-26 13:20:46 [INFO] Connected to League client.
2025-12-26 13:20:47 [INFO] [EVENT] Starting queue.
2025-12-26 13:20:47 [INFO] Picking random champion ID: 23
2025-12-26 13:20:59 [INFO] [EVENT] Game is in progress.
2025-12-26 13:21:00 [INFO] Starting bot for mode: core.run_yuumi_sr
2025-12-26 13:21:00 [WARNING] Request succeeded, but game data not found.
2025-12-26 13:21:05 [WARNING] Request succeeded, but game data not found.
2025-12-26 13:21:11 [INFO] Game loop has started.
2025-12-26 13:22:03 [INFO] Attached ally gone, detaching.
2025-12-26 13:22:05 [INFO] Shutting down program...
2025-12-26 13:22:05 [INFO] [INFO] Connector has been closed.
2025-12-26 13:22:20 [INFO] Polling thread has exited.
2025-12-26 13:22:20 [INFO] Game loop has ended.
2025-12-26 13:22:20 [INFO] Game loop duration: 00:01:08
2025-12-26 13:22:20 [INFO] Bot thread has exited.
2025-12-26 13:22:20 [INFO] Shut down complete.
2025-12-26 13:22:28 [INFO] [INFO] Connector has been closed.
