2025-12-26 13:56:21 [INFO] Press DELETE key to exit anytime.
2025-12-26 13:56:22 [INFO] Starting Script. Waiting for client...
2025-12-26 13:56:23 [INFO] Connected to League client.
2025-12-26 13:56:24 [INFO] [EVENT] Game is in progress.
2025-12-26 13:56:24 [INFO] Starting bot for mode: core.run_yuumi_sr
2025-12-26 13:56:24 [INFO] Game loop has started.
2025-12-26 13:56:30 [INFO] Attached ally gone, detaching.
2025-12-26 13:56:50 [INFO] Attach window timed out.
2025-12-26 13:56:56 [INFO] Attached ally gone, detaching.
2025-12-26 13:57:03 [INFO] Attached ally gone, detaching.
2025-12-26 13:57:03 [INFO] Attach window timed out.
2025-12-26 13:57:13 [INFO] Attach window timed out.
2025-12-26 13:57:16 [INFO] Shutting down program...
2025-12-26 13:57:16 [INFO] [INFO] Connector has been closed.
2025-12-26 13:57:23 [INFO] Polling thread has exited.
2025-12-26 13:57:24 [INFO] Game loop has ended.
2025-12-26 13:57:24 [INFO] Game loop duration: 00:00:59
2025-12-26 13:57:24 [INFO] Bot thread has exited.
2025-12-26 13:57:24 [INFO] Shut down complete.
2025-12-26 13:57:29 [INFO] [INFO] Connector has been closed.
