2025-08-30 18:41:42 [INFO] Press DELETE key to exit anytime.
2025-08-30 18:41:43 [INFO] Starting Script. Waiting for client...
2025-08-30 18:41:43 [INFO] Connected to League client.
2025-08-30 18:41:43 [INFO] [EVENT] Game is in progress.
2025-08-30 18:41:44 [INFO] Starting bot for mode: core.run_test
2025-08-30 18:41:44 [INFO] Keybinds: {'center_camera': 'space', 'hold_to_level': 'shift', 'item_1': '1', 'item_2': '2', 'item_3': '3', 'item_4': '5', 'item_5': '6', 'item_6': '7', 'recall': 'b', 'select_ally_1': 'f1', 'select_ally_2': 'f2', 'select_ally_3': 'f3', 'select_ally_4': 'f4', 'shop': 'p', 'spell_1': 'q', 'spell_2': 'w', 'spell_3': 'e', 'spell_4': 'r', 'sum_1': 'd', 'sum_2': 'f'}
2025-08-30 18:41:44 [INFO] Bot has started.
2025-08-30 18:41:44 [INFO] Running game loop...
2025-08-30 18:41:45 [INFO] Running game loop...
2025-08-30 18:41:45 [INFO] Game data is available.
2025-08-30 18:41:46 [INFO] Running game loop...
2025-08-30 18:41:46 [INFO] Game data is available.
2025-08-30 18:41:47 [INFO] Running game loop...
2025-08-30 18:41:47 [INFO] Game data is available.
2025-08-30 18:41:48 [INFO] Running game loop...
2025-08-30 18:41:48 [INFO] Game data is available.
2025-08-30 18:41:49 [INFO] Running game loop...
2025-08-30 18:41:49 [INFO] Game data is available.
2025-08-30 18:41:50 [INFO] Running game loop...
2025-08-30 18:41:50 [INFO] Game data is available.
2025-08-30 18:41:51 [INFO] Running game loop...
2025-08-30 18:41:51 [INFO] Game data is available.
2025-08-30 18:41:52 [INFO] Running game loop...
2025-08-30 18:41:52 [INFO] Game data is available.
2025-08-30 18:41:53 [INFO] Running game loop...
2025-08-30 18:41:53 [INFO] Game data is available.
2025-08-30 18:41:54 [INFO] Running game loop...
2025-08-30 18:41:54 [INFO] Game data is available.
2025-08-30 18:41:55 [INFO] Running game loop...
2025-08-30 18:41:55 [INFO] Game data is available.
2025-08-30 18:41:56 [INFO] Running game loop...
2025-08-30 18:41:56 [INFO] Game data is available.
2025-08-30 18:41:57 [INFO] Running game loop...
2025-08-30 18:41:57 [INFO] Game data is available.
2025-08-30 18:41:58 [INFO] Running game loop...
2025-08-30 18:41:58 [INFO] Game data is available.
2025-08-30 18:41:59 [INFO] Running game loop...
2025-08-30 18:41:59 [INFO] Game data is available.
2025-08-30 18:42:00 [INFO] Running game loop...
2025-08-30 18:42:00 [INFO] Game data is available.
2025-08-30 18:42:01 [INFO] Running game loop...
2025-08-30 18:42:01 [INFO] Game data is available.
2025-08-30 18:42:02 [INFO] Running game loop...
2025-08-30 18:42:02 [INFO] Game data is available.
2025-08-30 18:42:03 [INFO] Running game loop...
2025-08-30 18:42:03 [INFO] Game data is available.
2025-08-30 18:42:04 [INFO] Running game loop...
2025-08-30 18:42:04 [INFO] Game data is available.
2025-08-30 18:42:04 [INFO] DELETE key pressed. Exiting program...
