2025-09-02 10:17:51 [INFO] Press DELETE key to exit anytime.
2025-09-02 10:17:52 [INFO] Starting Script. Waiting for client...
2025-09-02 10:17:52 [INFO] Connected to League client.
2025-09-02 10:17:53 [INFO] [EVENT] Starting queue.
2025-09-02 10:17:55 [INFO] Accepted ready check.
2025-09-02 10:17:58 [INFO] Bravery pick response status: 500
2025-09-02 10:17:59 [INFO] Random pick response status: 500
2025-09-02 10:18:04 [INFO] [EVENT] Starting queue.
2025-09-02 10:18:05 [INFO] Accepted ready check.
2025-09-02 10:18:08 [INFO] Bravery pick response status: 500
2025-09-02 10:18:09 [INFO] Random pick response status: 500
2025-09-02 10:18:13 [INFO] Event loop interrupted by keyboard
2025-09-02 10:18:13 [ERROR] Task was destroyed but it is pending!
task: <Task pending name='Task-19' coro=<on_gameflow_phase() done, defined at c:\Users\Wesley\Documents\GitHub\League-Scripts-2\main.py:59> wait_for=<Future pending cb=[Task.task_wakeup()]>>
2025-09-02 10:18:13 [ERROR] Unclosed client session
client_session: <aiohttp.client.ClientSession object at 0x000001E37EA8E150>
2025-09-02 10:18:13 [ERROR] Unclosed connector
connections: ['deque([(<aiohttp.client_proto.ResponseHandler object at 0x000001E37F3F6BA0>, 1975.437)])']
connector: <aiohttp.connector.TCPConnector object at 0x000001E30F903610>
2025-09-02 10:18:13 [ERROR] Unclosed client session
client_session: <aiohttp.client.ClientSession object at 0x000001E37F337DD0>
