2025-12-26 15:57:06 [INFO] Press DELETE key to exit anytime.
2025-12-26 15:57:07 [INFO] Starting Script. Waiting for client...
2025-12-26 15:57:07 [INFO] Connected to League client.
2025-12-26 15:57:08 [INFO] [EVENT] Game is in progress.
2025-12-26 15:57:08 [INFO] Starting bot for mode: core.run_yuumi_sr
2025-12-26 15:57:09 [INFO] Game loop has started.
2025-12-26 15:57:16 [INFO] Attach window timed out.
2025-12-26 15:57:19 [INFO] Shutting down program...
2025-12-26 15:57:19 [INFO] [INFO] Connector has been closed.
2025-12-26 15:57:27 [INFO] Polling thread has exited.
2025-12-26 15:57:27 [INFO] Game loop has ended.
2025-12-26 15:57:27 [INFO] Game loop duration: 00:00:18
2025-12-26 15:57:27 [INFO] Bot thread has exited.
2025-12-26 15:57:27 [INFO] Shut down complete.
2025-12-26 15:57:34 [INFO] [INFO] Connector has been closed.
2025-12-26 15:57:40 [INFO] Press DELETE key to exit anytime.
2025-12-26 15:57:53 [INFO] Starting Script. Waiting for client...
2025-12-26 15:57:53 [INFO] Connected to League client.
2025-12-26 15:57:54 [INFO] [EVENT] Game is in progress.
2025-12-26 15:57:54 [INFO] Starting bot for mode: core.run_yuumi_sr
2025-12-26 15:57:54 [INFO] Game loop has started.
2025-12-26 15:58:02 [INFO] Attach window timed out.
2025-12-26 15:58:02 [INFO] Shutting down program...
2025-12-26 15:58:02 [INFO] [INFO] Connector has been closed.
2025-12-26 15:58:04 [INFO] [INFO] Connector has been closed.
