2025-12-18 11:32:58 [INFO] Press DELETE key to exit anytime.
2025-12-18 11:32:59 [INFO] Starting Script. Waiting for client...
2025-12-18 11:33:00 [INFO] Connected to League client.
2025-12-18 11:33:01 [INFO] [EVENT] Game is in progress.
2025-12-18 11:33:01 [INFO] Starting bot for mode: core.run_aram
2025-12-18 11:33:02 [INFO] Game has started.
2025-12-18 11:33:03 [INFO] OCR: 'SELL' not found on screen.
2025-12-18 11:33:04 [INFO] OCR: Found text 'SELL' at location (500, 853, 38, 13)
2025-12-18 11:33:07 [INFO] OCR: Found text 'SELL' at location (500, 853, 38, 13)
2025-12-18 11:33:08 [INFO] OCR: Found text 'SELL' at location (500, 853, 38, 13)
2025-12-18 11:33:08 [INFO] OCR: 'SELL' not found on screen.
2025-12-18 11:33:09 [INFO] OCR: Found text 'SELL' at location (500, 853, 38, 13)
2025-12-18 11:33:12 [INFO] OCR: Found text 'SELL' at location (500, 853, 38, 13)
2025-12-18 11:33:13 [INFO] OCR: Found text 'SELL' at location (500, 853, 38, 13)
2025-12-18 11:33:14 [INFO] OCR: Found text 'SELL' at location (500, 853, 38, 13)
2025-12-18 11:33:15 [INFO] OCR: Found text 'SELL' at location (500, 853, 38, 13)
2025-12-18 11:33:18 [INFO] OCR: Found text 'SELL' at location (500, 853, 38, 13)
2025-12-18 11:33:19 [INFO] OCR: Found text 'SELL' at location (500, 853, 38, 13)
2025-12-18 11:33:20 [INFO] OCR: 'SELL' not found on screen.
2025-12-18 11:33:20 [INFO] OCR: 'SELL' not found on screen.
2025-12-18 11:33:21 [INFO] OCR: 'SELL' not found on screen.
2025-12-18 11:33:22 [INFO] OCR: 'SELL' not found on screen.
2025-12-18 11:33:22 [INFO] OCR: 'SELL' not found on screen.
2025-12-18 11:33:23 [INFO] OCR: 'SELL' not found on screen.
2025-12-18 11:33:24 [INFO] OCR: 'SELL' not found on screen.
2025-12-18 11:33:25 [INFO] OCR: Found text 'SELL' at location (500, 853, 38, 13)
2025-12-18 11:33:27 [INFO] OCR: Found text 'SELL' at location (500, 853, 38, 13)
2025-12-18 11:33:28 [INFO] OCR: Found text 'SELL' at location (500, 853, 38, 13)
2025-12-18 11:33:29 [INFO] OCR: 'SELL' not found on screen.
2025-12-18 11:33:30 [INFO] OCR: Found text 'SELL' at location (500, 853, 38, 13)
2025-12-18 11:33:33 [INFO] OCR: Found text 'SELL' at location (500, 853, 38, 13)
2025-12-18 11:33:34 [INFO] OCR: 'SELL' not found on screen.
2025-12-18 11:33:40 [INFO] Shutting down program...
2025-12-18 11:33:40 [INFO] [INFO] Connector has been closed.
2025-12-18 11:33:40 [INFO] Bot thread has exited.
2025-12-18 11:33:40 [INFO] Shut down complete.
