2025-12-26 14:19:17 [INFO] Press DELETE key to exit anytime.
2025-12-26 14:19:17 [INFO] Starting Script. Waiting for client...
2025-12-26 14:19:18 [INFO] Connected to League client.
2025-12-26 14:19:19 [INFO] [EVENT] Starting queue.
2025-12-26 14:19:21 [INFO] Shutting down program...
2025-12-26 14:19:21 [INFO] [INFO] Connector has been closed.
2025-12-26 14:19:21 [INFO] Bot thread is not running, nothing to stop.
2025-12-26 14:19:21 [INFO] Shut down complete.
2025-12-26 14:19:21 [INFO] [INFO] Connector has been closed.
2025-12-26 14:19:31 [INFO] Press DELETE key to exit anytime.
2025-12-26 14:19:33 [INFO] Starting Script. Waiting for client...
2025-12-26 14:19:33 [INFO] Connected to League client.
2025-12-26 14:19:34 [INFO] [EVENT] Starting queue.
2025-12-26 14:23:36 [INFO] [EVENT] Starting queue.
2025-12-26 14:24:38 [INFO] Accepted ready check.
2025-12-26 14:24:40 [INFO] Picking random champion ID: 19
2025-12-26 14:25:43 [INFO] [EVENT] Game is in progress.
2025-12-26 14:25:45 [INFO] Starting bot for mode: core.run_yuumi_sr
2025-12-26 14:25:45 [WARNING] Request succeeded, but game data not found.
2025-12-26 14:25:50 [WARNING] Request succeeded, but game data not found.
2025-12-26 14:26:17 [INFO] Game loop has started.
2025-12-26 14:26:54 [INFO] Attached ally gone, detaching.
2025-12-26 14:26:57 [INFO] Attached ally gone, detaching.
2025-12-26 14:27:12 [INFO] Attached ally gone, detaching.
2025-12-26 14:27:32 [INFO] Attach window timed out.
2025-12-26 14:27:52 [INFO] Attached ally gone, detaching.
2025-12-26 14:28:12 [INFO] Attach window timed out.
2025-12-26 14:28:33 [INFO] Attach window timed out.
2025-12-26 14:28:33 [INFO] Attach window timed out.
2025-12-26 14:29:04 [INFO] Attach window timed out.
2025-12-26 14:29:15 [INFO] Shutting down program...
2025-12-26 14:29:15 [INFO] [INFO] Connector has been closed.
2025-12-26 14:29:16 [INFO] Attach window timed out.
2025-12-26 14:29:27 [INFO] Polling thread has exited.
2025-12-26 14:29:27 [INFO] Game loop has ended.
2025-12-26 14:29:27 [INFO] Game loop duration: 00:03:09
2025-12-26 14:29:27 [INFO] Bot thread has exited.
2025-12-26 14:29:27 [INFO] Shut down complete.
2025-12-26 14:29:42 [INFO] [INFO] Connector has been closed.
