2025-08-30 15:12:21 [INFO] Press DELETE key to exit anytime.
2025-08-30 15:12:23 [INFO] Running tests...
2025-08-30 15:12:23 [INFO] Running tests...
2025-08-30 15:12:23 [INFO] Starting bot for mode: core.run_test
2025-08-30 15:12:23 [INFO] Keybinds: {'center_camera': 'space', 'hold_to_level': 'shift', 'item_1': '1', 'item_2': '2', 'item_3': '3', 'item_4': '5', 'item_5': '6', 'item_6': '7', 'recall': 'b', 'select_ally_1': 'f1', 'select_ally_2': 'f2', 'select_ally_3': 'f3', 'select_ally_4': 'f4', 'shop': 'p', 'spell_1': 'q', 'spell_2': 'w', 'spell_3': 'e', 'spell_4': 'r', 'sum_1': 'd', 'sum_2': 'f'}
2025-08-30 15:12:23 [INFO] Bot has started.
2025-08-30 15:12:23 [INFO] Running game loop...
2025-08-30 15:12:24 [INFO] Running game loop...
2025-08-30 15:12:25 [INFO] Running game loop...
2025-08-30 15:12:26 [INFO] Running game loop...
2025-08-30 15:12:27 [INFO] Running game loop...
2025-08-30 15:12:28 [INFO] Running game loop...
2025-08-30 15:12:29 [INFO] DELETE key pressed. Exiting program...
2025-08-30 15:12:34 [INFO] Press DELETE key to exit anytime.
2025-08-30 15:12:35 [INFO] Running tests...
2025-08-30 15:12:35 [INFO] Running tests...
2025-08-30 15:12:35 [INFO] Starting bot for mode: core.run_test
2025-08-30 15:12:35 [INFO] Keybinds: {'center_camera': 'space', 'hold_to_level': 'shift', 'item_1': '1', 'item_2': '2', 'item_3': '3', 'item_4': '5', 'item_5': '6', 'item_6': '7', 'recall': 'b', 'select_ally_1': 'f1', 'select_ally_2': 'f2', 'select_ally_3': 'f3', 'select_ally_4': 'f4', 'shop': 'p', 'spell_1': 'q', 'spell_2': 'w', 'spell_3': 'e', 'spell_4': 'r', 'sum_1': 'd', 'sum_2': 'f'}
2025-08-30 15:12:35 [INFO] Bot has started.
2025-08-30 15:12:35 [INFO] Running game loop...
2025-08-30 15:12:36 [INFO] Running game loop...
2025-08-30 15:12:37 [INFO] Running game loop...
2025-08-30 15:12:38 [INFO] Running game loop...
2025-08-30 15:12:38 [INFO] DELETE key pressed. Exiting program...
