2025-09-02 18:00:30 [INFO] Press DELETE key to exit anytime.
2025-09-02 18:00:31 [INFO] Starting Script. Waiting for client...
2025-09-02 18:00:32 [INFO] Connected to League client.
2025-09-02 18:00:33 [INFO] [EVENT] Starting queue.
2025-09-02 18:00:34 [INFO] Owned champions: []
2025-09-02 18:00:36 [ERROR] Task exception was never retrieved
future: <Task finished name='Task-8' coro=<on_champ_select_session() done, defined at c:\Users\Wesley\Documents\GitHub\League-Scripts-2\main.py:126> exception=IndexError('Cannot choose from an empty sequence')>
Traceback (most recent call last):
  File "c:\Users\Wesley\Documents\GitHub\League-Scripts-2\main.py", line 191, in on_champ_select_session
    champ_id = random.choice(pickable_champ_ids)
               ^^^^^^^^^^^^^^^^^^^^^^^^^^^^^^^^^
  File "C:\Users\Wesley\AppData\Local\Programs\Python\Python311\Lib\random.py", line 373, in choice
    raise IndexError('Cannot choose from an empty sequence')
IndexError: Cannot choose from an empty sequence
2025-09-02 18:01:31 [INFO] [EVENT] Starting queue.
2025-09-02 18:01:32 [INFO] Owned champions: []
2025-09-02 18:01:33 [INFO] Accepted ready check.
2025-09-02 18:01:34 [ERROR] Task exception was never retrieved
future: <Task finished name='Task-13' coro=<on_champ_select_session() done, defined at c:\Users\Wesley\Documents\GitHub\League-Scripts-2\main.py:126> exception=IndexError('Cannot choose from an empty sequence')>
Traceback (most recent call last):
  File "c:\Users\Wesley\Documents\GitHub\League-Scripts-2\main.py", line 191, in on_champ_select_session
    champ_id = random.choice(pickable_champ_ids)
               ^^^^^^^^^^^^^^^^^^^^^^^^^^^^^^^^^
  File "C:\Users\Wesley\AppData\Local\Programs\Python\Python311\Lib\random.py", line 373, in choice
    raise IndexError('Cannot choose from an empty sequence')
IndexError: Cannot choose from an empty sequence
2025-09-02 18:01:34 [INFO] Event loop interrupted by keyboard
2025-09-02 18:01:34 [ERROR] Unclosed client session
client_session: <aiohttp.client.ClientSession object at 0x0000021D1025FAD0>
2025-09-02 18:01:34 [ERROR] Unclosed connector
connections: ['deque([(<aiohttp.client_proto.ResponseHandler object at 0x0000021D7FEA9860>, 513.968)])']
connector: <aiohttp.connector.TCPConnector object at 0x0000021D1025F950>
2025-09-02 18:01:34 [ERROR] Unclosed client session
client_session: <aiohttp.client.ClientSession object at 0x0000021D1025C250>
