2025-09-06 13:47:34 [INFO] Press DELETE key to exit anytime.
2025-09-06 13:47:35 [INFO] Starting Script. Waiting for client...
2025-09-06 13:47:35 [INFO] Connected to League client.
2025-09-06 13:47:36 [INFO] [EVENT] Game is in progress.
2025-09-06 13:47:36 [INFO] Starting bot for mode: core.run_aram
2025-09-06 13:47:37 [INFO] Game has started.
2025-09-06 13:47:39 [INFO] OCR: Text 'SELL' not found on screen.
2025-09-06 13:47:40 [INFO] OCR: Text 'SELL' not found on screen.
2025-09-06 13:47:41 [INFO] OCR: Text 'SELL' not found on screen.
2025-09-06 13:47:42 [INFO] OCR: Text 'SELL' not found on screen.
2025-09-06 13:47:43 [INFO] OCR: Text 'SELL' not found on screen.
2025-09-06 13:47:44 [INFO] OCR: Text 'SELL' not found on screen.
2025-09-06 13:47:45 [INFO] OCR: Text 'SELL' not found on screen.
2025-09-06 13:47:46 [INFO] OCR: Text 'SELL' not found on screen.
2025-09-06 13:47:47 [INFO] OCR: Text 'SELL' not found on screen.
2025-09-06 13:47:48 [INFO] OCR: Text 'SELL' not found on screen.
2025-09-06 13:47:48 [INFO] Shop not found, pressing shop key again and retrying...
2025-09-06 13:47:53 [INFO] OCR: Text 'SELL' not found on screen.
2025-09-06 13:47:54 [INFO] OCR: Text 'SELL' not found on screen.
2025-09-06 13:47:55 [INFO] OCR: Text 'SELL' not found on screen.
2025-09-06 13:47:56 [INFO] OCR: Text 'SELL' not found on screen.
2025-09-06 13:47:57 [INFO] OCR: Text 'SELL' not found on screen.
2025-09-06 13:47:58 [INFO] OCR: Text 'SELL' not found on screen.
2025-09-06 13:47:59 [INFO] OCR: Text 'SELL' not found on screen.
2025-09-06 13:48:00 [INFO] OCR: Text 'SELL' not found on screen.
2025-09-06 13:48:01 [INFO] OCR: Text 'SELL' not found on screen.
2025-09-06 13:48:02 [INFO] OCR: Text 'SELL' not found on screen.
2025-09-06 13:48:02 [WARNING] Shop could not be detected while attempting to shop.
2025-09-06 13:48:06 [INFO] OCR: Found text 'SELL' at location (583, 850, 36, 12)
2025-09-06 13:48:11 [INFO] Attempting to vote surrender...
2025-09-06 13:48:17 [INFO] DELETE key pressed. Exiting program...
