2025-08-30 18:48:40 [INFO] Press DELETE key to exit anytime.
2025-08-30 18:48:43 [INFO] Starting Script. Waiting for client...
2025-08-30 18:48:43 [INFO] Connected to League client.
2025-08-30 18:48:43 [INFO] [EVENT] Game is in progress.
2025-08-30 18:48:43 [INFO] Starting bot for mode: core.run_test
2025-08-30 18:48:43 [INFO] Keybinds: {'center_camera': 'space', 'hold_to_level': 'shift', 'item_1': '1', 'item_2': '2', 'item_3': '3', 'item_4': '5', 'item_5': '6', 'item_6': '7', 'recall': 'b', 'select_ally_1': 'f1', 'select_ally_2': 'f2', 'select_ally_3': 'f3', 'select_ally_4': 'f4', 'shop': 'p', 'spell_1': 'q', 'spell_2': 'w', 'spell_3': 'e', 'spell_4': 'r', 'sum_1': 'd', 'sum_2': 'f'}
2025-08-30 18:48:44 [INFO] Ovso

7 0/0/0

ao

@ 07:18

Bw

hey

67

»

pr

@.

rut

t—

Re

sty

Ay

out

Fe,

=f

ee

nS

7 *

iin

at:

Pipe

WN,

ah

‘ih

OLE

Woz,

=

Kye

a

~@

aw

res

Ue.

on.

"a ed BPES

t

i

Ay

"

SL,

Se

b

I>

_

A,

¥

42

Bz)

Ww

LEVEL UP!

to

#0

<&

po 80

‘ial

i)

7

i poe cc ceoeveatl

ey

Bysoj202!

6B PM

2025-08-30 18:48:44 [INFO] OCR test complete.
2025-08-30 18:48:44 [INFO] Bot has started.
2025-08-30 18:48:44 [INFO] Running game loop...
2025-08-30 18:48:45 [INFO] Running game loop...
2025-08-30 18:48:45 [INFO] Game data test successful. Now exiting...
2025-08-30 18:48:48 [INFO] DELETE key pressed. Exiting program...
