2025-09-02 18:09:52 [INFO] Press DELETE key to exit anytime.
2025-09-02 18:09:53 [INFO] Starting Script. Waiting for client...
2025-09-02 18:09:53 [INFO] Connected to League client.
2025-09-02 18:09:55 [INFO] [EVENT] Starting queue.
2025-09-02 18:09:55 [INFO] Local player champ select data: {'assignedPosition': '', 'cellId': 0, 'championId': 0, 'championPickIntent': 0, 'gameName': 'GATEKEEPER', 'internalName': '', 'isHumanoid': False, 'nameVisibilityType': 'VISIBLE', 'obfuscatedPuuid': '', 'obfuscatedSummonerId': 0, 'pickMode': 0, 'pickTurn': 0, 'playerAlias': '', 'playerType': '', 'puuid': '076cc456-97be-55e7-a08c-1165a250e44b', 'selectedSkinId': 0, 'spell1Id': 12, 'spell2Id': 4, 'summonerId': 3322322501437248, 'tagLine': '2900', 'team': 1, 'wardSkinId': -1}
2025-09-02 18:09:55 [INFO] Owned champion IDs: [5, 6, 7, 31, 33, 43, 57, 62, 68, 101, 104, 117, 145, 267, 360, 432, 516, 517, 518, 895]
2025-09-02 18:09:55 [INFO] Allowed champion IDs: []
2025-09-02 18:09:55 [INFO] Pickable champion IDs (allowed ∩ owned): []
2025-09-02 18:09:56 [INFO] Accepted ready check.
2025-09-02 18:09:57 [ERROR] Task exception was never retrieved
future: <Task finished name='Task-8' coro=<on_champ_select_session() done, defined at c:\Users\Wesley\Documents\GitHub\League-Scripts-2\main.py:126> exception=IndexError('Cannot choose from an empty sequence')>
Traceback (most recent call last):
  File "c:\Users\Wesley\Documents\GitHub\League-Scripts-2\main.py", line 196, in on_champ_select_session
    champ_id = random.choice(pickable_champ_ids)
               ^^^^^^^^^^^^^^^^^^^^^^^^^^^^^^^^^
  File "C:\Users\Wesley\AppData\Local\Programs\Python\Python311\Lib\random.py", line 373, in choice
    raise IndexError('Cannot choose from an empty sequence')
IndexError: Cannot choose from an empty sequence
2025-09-02 18:10:42 [INFO] Event loop interrupted by keyboard
2025-09-02 18:10:42 [ERROR] Unclosed client session
client_session: <aiohttp.client.ClientSession object at 0x00000197D6085A10>
2025-09-02 18:10:42 [ERROR] Unclosed client session
client_session: <aiohttp.client.ClientSession object at 0x00000197D5877CD0>
