2025-12-18 11:43:07 [INFO] Press DELETE key to exit anytime.
2025-12-18 11:43:09 [INFO] Starting Script. Waiting for client...
2025-12-18 11:43:09 [INFO] Connected to League client.
2025-12-18 11:43:10 [INFO] [EVENT] Game is in progress.
2025-12-18 11:43:10 [INFO] Starting bot for mode: core.run_aram
2025-12-18 11:43:11 [INFO] Game has started.
2025-12-18 11:43:13 [INFO] OCR: 'SELL' not found on screen.
2025-12-18 11:43:15 [INFO] OCR: Found text 'SELL' at location (500, 853, 38, 13)
2025-12-18 11:43:21 [INFO] Shutting down program...
2025-12-18 11:43:21 [INFO] [INFO] Connector has been closed.
2025-12-18 11:43:22 [INFO] Bot thread has exited.
2025-12-18 11:43:22 [INFO] Shut down complete.
2025-12-18 11:43:36 [INFO] Press DELETE key to exit anytime.
2025-12-18 11:43:38 [INFO] Starting Script. Waiting for client...
2025-12-18 11:43:38 [INFO] Connected to League client.
2025-12-18 11:43:39 [INFO] [EVENT] Game is in progress.
2025-12-18 11:43:39 [INFO] Starting bot for mode: core.run_aram
2025-12-18 11:43:40 [INFO] Game has started.
2025-12-18 11:43:42 [INFO] OCR: 'SELL' not found on screen.
2025-12-18 11:43:44 [INFO] OCR: Found text 'SELL' at location (500, 853, 38, 13)
2025-12-18 11:43:51 [INFO] Shutting down program...
2025-12-18 11:43:51 [INFO] [INFO] Connector has been closed.
2025-12-18 11:43:52 [INFO] Bot thread has exited.
2025-12-18 11:43:52 [INFO] Shut down complete.
