2025-09-02 10:44:52 [INFO] Press DELETE key to exit anytime.
2025-09-02 10:44:53 [INFO] Starting Script. Waiting for client...
2025-09-02 10:44:53 [INFO] Connected to League client.
2025-09-02 10:44:55 [INFO] [EVENT] Starting queue.
2025-09-02 10:44:55 [INFO] Allowed champion IDs: []
2025-09-02 10:44:55 [INFO] <ClientResponse(https://127.0.0.1:50149/lol-champions/v1/inventories/3322322501437248/champions-minimal) [200 OK]>
<CIMultiDictProxy('Vary': 'origin', 'Cache-Control': 'no-store', 'Content-Length': '168846', 'Content-Type': 'application/json', 'Access-Control-Allow-Origin': 'https://127.0.0.1:50149', 'Access-Control-Expose-Headers': 'content-length')>

2025-09-02 10:44:56 [INFO] Accepted ready check.
2025-09-02 10:44:57 [ERROR] Task exception was never retrieved
future: <Task finished name='Task-8' coro=<on_champ_select_session() done, defined at c:\Users\Wesley\Documents\GitHub\League-Scripts-2\main.py:126> exception=IndexError('Cannot choose from an empty sequence')>
Traceback (most recent call last):
  File "c:\Users\Wesley\Documents\GitHub\League-Scripts-2\main.py", line 186, in on_champ_select_session
    champ_id = random.choice(pickable_champ_ids)
               ^^^^^^^^^^^^^^^^^^^^^^^^^^^^^^^^^
  File "C:\Users\Wesley\AppData\Local\Programs\Python\Python311\Lib\random.py", line 373, in choice
    raise IndexError('Cannot choose from an empty sequence')
IndexError: Cannot choose from an empty sequence
2025-09-02 10:44:58 [INFO] Event loop interrupted by keyboard
2025-09-02 10:44:58 [ERROR] Unclosed client session
client_session: <aiohttp.client.ClientSession object at 0x0000017AFF916910>
2025-09-02 10:44:58 [ERROR] Unclosed connector
connections: ['deque([(<aiohttp.client_proto.ResponseHandler object at 0x0000017AFF866C10>, 3582.156)])']
connector: <aiohttp.connector.TCPConnector object at 0x0000017AFF916950>
2025-09-02 10:44:58 [ERROR] Unclosed client session
client_session: <aiohttp.client.ClientSession object at 0x0000017AFF2A3910>
