2025-12-18 11:55:20 [INFO] Press DELETE key to exit anytime.
2025-12-18 11:55:23 [INFO] Starting Script. Waiting for client...
2025-12-18 11:55:24 [INFO] Connected to League client.
2025-12-18 11:55:25 [INFO] [EVENT] Game is in progress.
2025-12-18 11:55:25 [INFO] Starting bot for mode: core.run_aram
2025-12-18 11:55:26 [INFO] Game has started.
2025-12-18 11:55:27 [INFO] Shutting down program...
2025-12-18 11:55:27 [INFO] [INFO] Connector has been closed.
2025-12-18 11:55:29 [INFO] [INFO] Connector has been closed.
2025-12-18 11:55:56 [INFO] Press DELETE key to exit anytime.
2025-12-18 11:55:58 [INFO] Starting Script. Waiting for client...
2025-12-18 11:55:58 [INFO] Connected to League client.
2025-12-18 11:55:59 [INFO] [EVENT] Game is in progress.
2025-12-18 11:55:59 [INFO] Starting bot for mode: core.run_aram
2025-12-18 11:56:00 [INFO] Game has started.
2025-12-18 11:56:04 [INFO] OCR: 'SELL' not found on screen.
2025-12-18 11:56:05 [INFO] OCR: 'SELL' not found on screen.
2025-12-18 11:56:05 [INFO] Shutting down program...
2025-12-18 11:56:05 [INFO] [INFO] Connector has been closed.
2025-12-18 11:56:06 [INFO] OCR: 'SELL' not found on screen.
2025-12-18 11:56:06 [INFO] OCR: 'SELL' not found on screen.
2025-12-18 11:56:07 [INFO] OCR: 'SELL' not found on screen.
2025-12-18 11:56:07 [INFO] OCR: 'SELL' not found on screen.
2025-12-18 11:56:08 [INFO] OCR: 'SELL' not found on screen.
2025-12-18 11:56:09 [INFO] [INFO] Connector has been closed.
