2025-12-18 11:44:24 [INFO] Press DELETE key to exit anytime.
2025-12-18 11:44:26 [INFO] Starting Script. Waiting for client...
2025-12-18 11:44:26 [INFO] Connected to League client.
2025-12-18 11:44:27 [INFO] [EVENT] Game is in progress.
2025-12-18 11:44:27 [INFO] Starting bot for mode: core.run_aram
2025-12-18 11:44:28 [INFO] Game has started.
2025-12-18 11:44:30 [INFO] OCR: 'SELL' not found on screen.
2025-12-18 11:44:32 [INFO] OCR: Found text 'SELL' at location (500, 853, 38, 13)
2025-12-18 11:44:35 [INFO] Shutting down program...
2025-12-18 11:44:35 [INFO] [INFO] Connector has been closed.
2025-12-18 11:44:38 [INFO] Bot thread has exited.
2025-12-18 11:44:38 [INFO] Shut down complete.
2025-12-18 11:44:59 [INFO] Press DELETE key to exit anytime.
2025-12-18 11:45:01 [INFO] Starting Script. Waiting for client...
2025-12-18 11:45:01 [INFO] Connected to League client.
2025-12-18 11:45:02 [INFO] [EVENT] Game is in progress.
2025-12-18 11:45:02 [INFO] Starting bot for mode: core.run_aram
2025-12-18 11:45:03 [INFO] Game has started.
2025-12-18 11:45:04 [INFO] OCR: 'SELL' not found on screen.
2025-12-18 11:45:05 [INFO] OCR: Found text 'SELL' at location (500, 853, 38, 13)
2025-12-18 11:45:42 [INFO] Shutting down program...
2025-12-18 11:45:42 [INFO] [INFO] Connector has been closed.
2025-12-18 11:45:42 [INFO] Bot thread has exited.
2025-12-18 11:45:42 [INFO] Shut down complete.
