2025-09-02 10:36:15 [INFO] Press DELETE key to exit anytime.
2025-09-02 10:36:17 [INFO] Starting Script. Waiting for client...
2025-09-02 10:36:17 [INFO] Connected to League client.
2025-09-02 10:36:18 [INFO] [EVENT] Starting queue.
2025-09-02 10:36:19 [ERROR] Task exception was never retrieved
future: <Task finished name='Task-9' coro=<on_champ_select_session() done, defined at c:\Users\Wesley\Documents\GitHub\League-Scripts-2\main.py:126> exception=AttributeError("'str' object has no attribute 'get'")>
Traceback (most recent call last):
  File "c:\Users\Wesley\Documents\GitHub\League-Scripts-2\main.py", line 151, in on_champ_select_session
    owned_champ_ids = [champ['id'] for champ in inventory_data if champ.get('owned', False)]
                      ^^^^^^^^^^^^^^^^^^^^^^^^^^^^^^^^^^^^^^^^^^^^^^^^^^^^^^^^^^^^^^^^^^^^^^
  File "c:\Users\Wesley\Documents\GitHub\League-Scripts-2\main.py", line 151, in <listcomp>
    owned_champ_ids = [champ['id'] for champ in inventory_data if champ.get('owned', False)]
                                                                  ^^^^^^^^^
AttributeError: 'str' object has no attribute 'get'
2025-09-02 10:36:20 [INFO] Accepted ready check.
2025-09-02 10:36:30 [INFO] Event loop interrupted by keyboard
2025-09-02 10:36:30 [ERROR] Unclosed client session
client_session: <aiohttp.client.ClientSession object at 0x00000271FF279DD0>
2025-09-02 10:36:30 [ERROR] Unclosed connector
connections: ['deque([(<aiohttp.client_proto.ResponseHandler object at 0x00000271FF7F6BA0>, 3065.812)])']
connector: <aiohttp.connector.TCPConnector object at 0x00000271FF8A7450>
2025-09-02 10:36:30 [ERROR] Unclosed client session
client_session: <aiohttp.client.ClientSession object at 0x00000271FF2B7D90>
