2025-09-02 10:34:53 [INFO] Press DELETE key to exit anytime.
2025-09-02 10:34:54 [INFO] Starting Script. Waiting for client...
2025-09-02 10:34:54 [INFO] Connected to League client.
2025-09-02 10:34:56 [INFO] [EVENT] Starting queue.
2025-09-02 10:34:56 [INFO] Pickable champion IDs: []
2025-09-02 10:34:58 [ERROR] Task exception was never retrieved
future: <Task finished name='Task-8' coro=<on_champ_select_session() done, defined at c:\Users\Wesley\Documents\GitHub\League-Scripts-2\main.py:126> exception=IndexError('Cannot choose from an empty sequence')>
Traceback (most recent call last):
  File "c:\Users\Wesley\Documents\GitHub\League-Scripts-2\main.py", line 174, in on_champ_select_session
    champ_id = random.choice(pickable_champ_ids)
               ^^^^^^^^^^^^^^^^^^^^^^^^^^^^^^^^^
  File "C:\Users\Wesley\AppData\Local\Programs\Python\Python311\Lib\random.py", line 373, in choice
    raise IndexError('Cannot choose from an empty sequence')
IndexError: Cannot choose from an empty sequence
2025-09-02 10:35:02 [INFO] Event loop interrupted by keyboard
2025-09-02 10:35:02 [ERROR] Unclosed client session
client_session: <aiohttp.client.ClientSession object at 0x00000254513AD4D0>
2025-09-02 10:35:02 [ERROR] Unclosed connector
connections: ['deque([(<aiohttp.client_proto.ResponseHandler object at 0x000002544EF96BA0>, 2981.953)])']
connector: <aiohttp.connector.TCPConnector object at 0x00000254513AD450>
2025-09-02 10:35:02 [ERROR] Unclosed client session
client_session: <aiohttp.client.ClientSession object at 0x000002544EEE4590>
