2025-12-22 10:38:34 [INFO] Press DELETE key to exit anytime.
2025-12-22 10:38:35 [INFO] Starting Script. Waiting for client...
2025-12-22 10:38:35 [INFO] Connected to League client.
2025-12-22 10:38:36 [INFO] [EVENT] Game is in progress.
2025-12-22 10:38:37 [INFO] Starting bot for mode: core.run_aram
2025-12-22 10:38:37 [INFO] Initializing resources...
2025-12-22 10:38:50 [INFO] Waiting for game to start...
2025-12-22 10:38:55 [INFO] Game loop has started.
2025-12-22 10:39:45 [INFO] Polling thread has exited.
2025-12-22 10:39:45 [INFO] Game loop has exited.
2025-12-22 10:39:46 [INFO] [EVENT] Game ended.
2025-12-22 10:39:46 [INFO] Bot thread has exited.
2025-12-22 10:40:16 [WARNING] Window 'League of Legends (TM) Client' did not appear within 30 seconds.
2025-12-22 10:40:16 [INFO] Sent play-again request.
2025-12-22 10:40:18 [INFO] [EVENT] Starting queue.
2025-12-22 10:40:18 [INFO] Picking random champion ID: 27
2025-12-22 10:40:19 [INFO] Accepted ready check.
2025-12-22 10:40:30 [INFO] [EVENT] Game is in progress.
2025-12-22 10:40:30 [INFO] Starting bot for mode: core.run_aram
2025-12-22 10:40:30 [INFO] Initializing resources...
2025-12-22 10:40:39 [INFO] Waiting for game to start...
