2025-09-06 13:50:27 [INFO] Press DELETE key to exit anytime.
2025-09-06 13:50:29 [INFO] Starting Script. Waiting for client...
2025-09-06 13:50:29 [INFO] Connected to League client.
2025-09-06 13:50:30 [INFO] [EVENT] Starting queue.
2025-09-06 13:50:50 [INFO] Accepted ready check.
2025-09-06 13:50:59 [INFO] Picking random champion ID: 19
2025-09-06 13:51:03 [INFO] Picking random champion ID: 39
2025-09-06 13:51:05 [INFO] Picking random champion ID: 64
2025-09-06 13:51:07 [INFO] Picking random champion ID: 432
2025-09-06 13:51:08 [INFO] Picking random champion ID: 17
2025-09-06 13:51:12 [INFO] Picking random champion ID: 222
2025-09-06 13:51:44 [INFO] Accepted ready check.
2025-09-06 13:52:02 [INFO] Accepted ready check.
2025-09-06 13:52:10 [INFO] Picking random champion ID: 22
2025-09-06 13:52:14 [INFO] Picking random champion ID: 777
2025-09-06 13:52:15 [INFO] Picking random champion ID: 157
2025-09-06 13:52:16 [INFO] Picking random champion ID: 84
2025-09-06 13:52:25 [INFO] Picking random champion ID: 84
2025-09-06 13:53:12 [INFO] [EVENT] Game is in progress.
2025-09-06 13:53:13 [INFO] [EVENT] Game is in progress.
2025-09-06 13:53:13 [INFO] Starting bot for mode: core.run_aram
2025-09-06 13:53:13 [INFO] Starting bot for mode: core.run_aram
2025-09-06 13:54:50 [INFO] Game has started.
2025-09-06 13:54:50 [INFO] Game has started.
2025-09-06 13:54:52 [INFO] OCR: Text 'SELL' not found on screen.
2025-09-06 13:54:52 [INFO] OCR: Text 'SELL' not found on screen.
2025-09-06 13:54:53 [INFO] OCR: Text 'SELL' not found on screen.
2025-09-06 13:54:53 [INFO] OCR: Text 'SELL' not found on screen.
2025-09-06 13:54:54 [INFO] OCR: Text 'SELL' not found on screen.
2025-09-06 13:54:54 [INFO] OCR: Text 'SELL' not found on screen.
2025-09-06 13:54:55 [INFO] OCR: Text 'SELL' not found on screen.
2025-09-06 13:54:55 [INFO] OCR: Text 'SELL' not found on screen.
2025-09-06 13:54:56 [INFO] OCR: Text 'SELL' not found on screen.
2025-09-06 13:54:56 [INFO] OCR: Text 'SELL' not found on screen.
2025-09-06 13:54:57 [INFO] OCR: Text 'SELL' not found on screen.
2025-09-06 13:54:57 [INFO] OCR: Text 'SELL' not found on screen.
2025-09-06 13:54:58 [INFO] OCR: Text 'SELL' not found on screen.
2025-09-06 13:54:58 [INFO] OCR: Text 'SELL' not found on screen.
2025-09-06 13:54:59 [INFO] OCR: Text 'SELL' not found on screen.
2025-09-06 13:54:59 [INFO] OCR: Text 'SELL' not found on screen.
2025-09-06 13:55:00 [INFO] OCR: Text 'SELL' not found on screen.
2025-09-06 13:55:00 [INFO] OCR: Text 'SELL' not found on screen.
2025-09-06 13:55:01 [INFO] OCR: Text 'SELL' not found on screen.
2025-09-06 13:55:01 [INFO] OCR: Text 'SELL' not found on screen.
2025-09-06 13:55:01 [INFO] Shop not found, pressing shop key again and retrying...
2025-09-06 13:55:01 [INFO] Shop not found, pressing shop key again and retrying...
2025-09-06 13:55:03 [INFO] OCR: Found text 'SELL' at location (583, 850, 36, 12)
2025-09-06 13:55:03 [INFO] OCR: Found text 'SELL' at location (583, 850, 36, 12)
2025-09-06 13:57:09 [INFO] [EVENT] Game ended.
2025-09-06 13:57:11 [INFO] [EVENT] Game ended.
2025-09-06 13:57:11 [INFO] Sent play-again request.
2025-09-06 13:57:11 [INFO] Sent play-again request.
2025-09-06 13:57:13 [INFO] [EVENT] Starting queue.
2025-09-06 13:57:30 [INFO] Accepted ready check.
2025-09-06 13:57:33 [INFO] Picking random champion ID: 113
2025-09-06 13:57:37 [INFO] Picking random champion ID: 79
2025-09-06 13:57:39 [INFO] Picking random champion ID: 122
2025-09-06 13:57:41 [INFO] Picking random champion ID: 21
2025-09-06 13:57:47 [INFO] Picking random champion ID: 517
2025-09-06 13:57:47 [INFO] Picking random champion ID: 106
2025-09-06 13:58:34 [INFO] [EVENT] Game is in progress.
2025-09-06 13:58:35 [INFO] [EVENT] Game is in progress.
2025-09-06 13:58:35 [INFO] Starting bot for mode: core.run_aram
2025-09-06 13:58:35 [INFO] Game has started.
2025-09-06 13:58:35 [INFO] Starting bot for mode: core.run_aram
2025-09-06 13:58:35 [INFO] Game has started.
2025-09-06 13:58:41 [INFO] OCR: Text 'SELL' not found on screen.
2025-09-06 13:58:41 [INFO] OCR: Text 'SELL' not found on screen.
2025-09-06 13:58:42 [INFO] OCR: Text 'SELL' not found on screen.
2025-09-06 13:58:42 [INFO] OCR: Text 'SELL' not found on screen.
2025-09-06 13:58:44 [INFO] OCR: Text 'SELL' not found on screen.
2025-09-06 13:58:44 [INFO] OCR: Text 'SELL' not found on screen.
2025-09-06 13:58:45 [INFO] OCR: Text 'SELL' not found on screen.
2025-09-06 13:58:45 [INFO] OCR: Text 'SELL' not found on screen.
2025-09-06 13:58:46 [INFO] OCR: Text 'SELL' not found on screen.
2025-09-06 13:58:46 [INFO] OCR: Text 'SELL' not found on screen.
2025-09-06 13:58:48 [INFO] OCR: Text 'SELL' not found on screen.
2025-09-06 13:58:48 [INFO] OCR: Text 'SELL' not found on screen.
2025-09-06 13:58:49 [INFO] OCR: Text 'SELL' not found on screen.
2025-09-06 13:58:49 [INFO] OCR: Text 'SELL' not found on screen.
2025-09-06 13:58:50 [INFO] OCR: Text 'SELL' not found on screen.
2025-09-06 13:58:51 [INFO] OCR: Text 'SELL' not found on screen.
2025-09-06 13:58:52 [INFO] OCR: Text 'SELL' not found on screen.
2025-09-06 13:58:52 [INFO] OCR: Text 'SELL' not found on screen.
2025-09-06 13:58:53 [INFO] OCR: Text 'SELL' not found on screen.
2025-09-06 13:58:53 [INFO] OCR: Text 'SELL' not found on screen.
2025-09-06 13:58:53 [INFO] Shop not found, pressing shop key again and retrying...
2025-09-06 13:58:53 [INFO] Shop not found, pressing shop key again and retrying...
2025-09-06 13:58:55 [INFO] OCR: Text 'SELL' not found on screen.
2025-09-06 13:58:55 [INFO] OCR: Text 'SELL' not found on screen.
2025-09-06 13:58:56 [INFO] OCR: Text 'SELL' not found on screen.
2025-09-06 13:58:56 [INFO] OCR: Text 'SELL' not found on screen.
2025-09-06 13:58:57 [INFO] OCR: Text 'SELL' not found on screen.
2025-09-06 13:58:58 [INFO] OCR: Text 'SELL' not found on screen.
2025-09-06 13:58:59 [INFO] OCR: Text 'SELL' not found on screen.
2025-09-06 13:58:59 [INFO] OCR: Text 'SELL' not found on screen.
2025-09-06 13:59:00 [INFO] OCR: Text 'SELL' not found on screen.
2025-09-06 13:59:00 [INFO] OCR: Text 'SELL' not found on screen.
2025-09-06 13:59:01 [INFO] OCR: Text 'SELL' not found on screen.
2025-09-06 13:59:01 [INFO] OCR: Text 'SELL' not found on screen.
2025-09-06 13:59:03 [INFO] OCR: Text 'SELL' not found on screen.
2025-09-06 13:59:03 [INFO] OCR: Text 'SELL' not found on screen.
2025-09-06 13:59:04 [INFO] OCR: Text 'SELL' not found on screen.
2025-09-06 13:59:04 [INFO] OCR: Text 'SELL' not found on screen.
2025-09-06 13:59:05 [INFO] OCR: Text 'SELL' not found on screen.
2025-09-06 13:59:05 [INFO] OCR: Text 'SELL' not found on screen.
2025-09-06 13:59:06 [INFO] OCR: Text 'SELL' not found on screen.
2025-09-06 13:59:07 [INFO] OCR: Text 'SELL' not found on screen.
2025-09-06 13:59:07 [WARNING] Shop could not be detected while attempting to shop.
2025-09-06 13:59:07 [WARNING] Shop could not be detected while attempting to shop.
2025-09-06 14:03:46 [INFO] OCR: Found text 'SELL' at location (583, 850, 36, 12)
2025-09-06 14:03:46 [INFO] OCR: Text 'SELL' not found on screen.
2025-09-06 14:03:48 [INFO] OCR: Text 'SELL' not found on screen.
2025-09-06 14:03:49 [INFO] OCR: Text 'SELL' not found on screen.
2025-09-06 14:03:51 [INFO] OCR: Found text 'SELL' at location (583, 850, 36, 12)
2025-09-06 14:03:51 [INFO] Attempting to vote surrender...
2025-09-06 14:03:53 [INFO] OCR: Found text 'SELL' at location (583, 850, 36, 12)
2025-09-06 14:03:56 [INFO] Attempting to vote surrender...
2025-09-06 14:03:57 [INFO] OCR: Text 'SELL' not found on screen.
2025-09-06 14:03:58 [INFO] Attempting to vote surrender...
2025-09-06 14:03:59 [INFO] OCR: Text 'SELL' not found on screen.
2025-09-06 14:04:00 [INFO] OCR: Text 'SELL' not found on screen.
2025-09-06 14:04:00 [INFO] OCR: Text 'SELL' not found on screen.
2025-09-06 14:04:01 [INFO] OCR: Text 'SELL' not found on screen.
2025-09-06 14:04:01 [INFO] OCR: Text 'SELL' not found on screen.
2025-09-06 14:04:02 [INFO] OCR: Text 'SELL' not found on screen.
2025-09-06 14:04:03 [INFO] OCR: Text 'SELL' not found on screen.
2025-09-06 14:04:03 [INFO] OCR: Text 'SELL' not found on screen.
2025-09-06 14:04:04 [INFO] OCR: Text 'SELL' not found on screen.
2025-09-06 14:04:04 [INFO] OCR: Text 'SELL' not found on screen.
2025-09-06 14:04:05 [INFO] OCR: Text 'SELL' not found on screen.
2025-09-06 14:04:05 [INFO] OCR: Text 'SELL' not found on screen.
2025-09-06 14:04:06 [INFO] OCR: Text 'SELL' not found on screen.
2025-09-06 14:04:07 [INFO] OCR: Text 'SELL' not found on screen.
2025-09-06 14:04:07 [INFO] OCR: Text 'SELL' not found on screen.
2025-09-06 14:04:08 [INFO] OCR: Text 'SELL' not found on screen.
2025-09-06 14:04:08 [INFO] OCR: Text 'SELL' not found on screen.
2025-09-06 14:04:08 [INFO] Shop not found, pressing shop key again and retrying...
2025-09-06 14:04:09 [INFO] OCR: Text 'SELL' not found on screen.
2025-09-06 14:04:10 [INFO] OCR: Found text 'SELL' at location (583, 850, 36, 12)
2025-09-06 14:04:11 [INFO] OCR: Found text 'SELL' at location (583, 850, 36, 12)
2025-09-06 14:04:15 [INFO] Attempting to vote surrender...
2025-09-06 14:04:16 [INFO] Attempting to vote surrender...
2025-09-06 14:05:21 [INFO] DELETE key pressed. Exiting program...
