2025-09-02 10:42:51 [INFO] Press DELETE key to exit anytime.
2025-09-02 10:42:53 [INFO] Starting Script. Waiting for client...
2025-09-02 10:42:53 [INFO] Connected to League client.
2025-09-02 10:42:54 [INFO] [EVENT] Starting queue.
2025-09-02 10:42:55 [INFO] Allowed champion IDs: []
2025-09-02 10:42:55 [INFO] Owned champion IDs: []
2025-09-02 10:42:55 [INFO] Pickable champion IDs: []
2025-09-02 10:42:57 [ERROR] Task exception was never retrieved
future: <Task finished name='Task-7' coro=<on_champ_select_session() done, defined at c:\Users\Wesley\Documents\GitHub\League-Scripts-2\main.py:126> exception=IndexError('Cannot choose from an empty sequence')>
Traceback (most recent call last):
  File "c:\Users\Wesley\Documents\GitHub\League-Scripts-2\main.py", line 189, in on_champ_select_session
    champ_id = random.choice(pickable_champ_ids)
               ^^^^^^^^^^^^^^^^^^^^^^^^^^^^^^^^^
  File "C:\Users\Wesley\AppData\Local\Programs\Python\Python311\Lib\random.py", line 373, in choice
    raise IndexError('Cannot choose from an empty sequence')
IndexError: Cannot choose from an empty sequence
2025-09-02 10:42:58 [INFO] Event loop interrupted by keyboard
2025-09-02 10:42:58 [ERROR] Unclosed client session
client_session: <aiohttp.client.ClientSession object at 0x00000226D983AB10>
2025-09-02 10:42:58 [ERROR] Unclosed connector
connections: ['deque([(<aiohttp.client_proto.ResponseHandler object at 0x00000226D9786C10>, 3461.218)])']
connector: <aiohttp.connector.TCPConnector object at 0x00000226D983A010>
2025-09-02 10:42:58 [ERROR] Unclosed client session
client_session: <aiohttp.client.ClientSession object at 0x00000226D9731290>
