2025-12-26 15:03:11 [INFO] Press DELETE key to exit anytime.
2025-12-26 15:03:12 [INFO] Starting Script. Waiting for client...
2025-12-26 15:03:13 [INFO] Connected to League client.
2025-12-26 15:03:14 [INFO] [EVENT] Starting queue.
2025-12-26 15:04:46 [INFO] Accepted ready check.
2025-12-26 15:04:53 [INFO] Picking random champion ID: 103
2025-12-26 15:06:21 [INFO] [EVENT] Game is in progress.
2025-12-26 15:06:21 [INFO] Starting bot for mode: core.run_yuumi_sr
2025-12-26 15:06:21 [WARNING] Request succeeded, but game data not found.
2025-12-26 15:06:26 [WARNING] Request succeeded, but game data not found.
2025-12-26 15:06:49 [INFO] Game loop has started.
2025-12-26 15:07:46 [INFO] Attached ally gone, detaching.
2025-12-26 15:07:52 [INFO] Shutting down program...
2025-12-26 15:07:52 [INFO] [INFO] Connector has been closed.
2025-12-26 15:07:56 [INFO] Attach window timed out.
2025-12-26 15:08:07 [INFO] Polling thread has exited.
2025-12-26 15:08:07 [INFO] Game loop has ended.
2025-12-26 15:08:07 [INFO] Game loop duration: 00:01:17
2025-12-26 15:08:07 [INFO] Bot thread has exited.
2025-12-26 15:08:07 [INFO] Shut down complete.
2025-12-26 15:08:20 [INFO] [INFO] Connector has been closed.
