2025-09-02 17:58:39 [INFO] Press DELETE key to exit anytime.
2025-09-02 17:58:43 [INFO] Starting Script. Waiting for client...
2025-09-02 17:58:43 [INFO] Connected to League client.
2025-09-02 17:58:44 [INFO] [EVENT] Starting queue.
2025-09-02 17:58:45 [INFO] <ClientResponse(https://127.0.0.1:50222/lol-champions/v1/inventories/3322322501437248/champions-minimal) [200 OK]>
<CIMultiDictProxy('Vary': 'origin', 'Cache-Control': 'no-store', 'Content-Length': '168846', 'Content-Type': 'application/json', 'Access-Control-Allow-Origin': 'https://127.0.0.1:50222', 'Access-Control-Expose-Headers': 'content-length')>

2025-09-02 17:58:47 [ERROR] Task exception was never retrieved
future: <Task finished name='Task-8' coro=<on_champ_select_session() done, defined at c:\Users\Wesley\Documents\GitHub\League-Scripts-2\main.py:126> exception=IndexError('Cannot choose from an empty sequence')>
Traceback (most recent call last):
  File "c:\Users\Wesley\Documents\GitHub\League-Scripts-2\main.py", line 192, in on_champ_select_session
    champ_id = random.choice(pickable_champ_ids)
               ^^^^^^^^^^^^^^^^^^^^^^^^^^^^^^^^^
  File "C:\Users\Wesley\AppData\Local\Programs\Python\Python311\Lib\random.py", line 373, in choice
    raise IndexError('Cannot choose from an empty sequence')
IndexError: Cannot choose from an empty sequence
2025-09-02 18:00:07 [INFO] [EVENT] Starting queue.
2025-09-02 18:00:08 [INFO] <ClientResponse(https://127.0.0.1:50222/lol-champions/v1/inventories/3322322501437248/champions-minimal) [200 OK]>
<CIMultiDictProxy('Vary': 'origin', 'Cache-Control': 'no-store', 'Content-Length': '168846', 'Content-Type': 'application/json', 'Access-Control-Allow-Origin': 'https://127.0.0.1:50222', 'Access-Control-Expose-Headers': 'content-length')>

2025-09-02 18:00:10 [INFO] Event loop interrupted by keyboard
2025-09-02 18:00:10 [ERROR] Task was destroyed but it is pending!
task: <Task pending name='Task-12' coro=<on_champ_select_session() running at c:\Users\Wesley\Documents\GitHub\League-Scripts-2\main.py:185> wait_for=<Future pending cb=[Task.task_wakeup()]>>
2025-09-02 18:00:10 [ERROR] Unclosed client session
client_session: <aiohttp.client.ClientSession object at 0x000002C0455E9090>
2025-09-02 18:00:10 [ERROR] Unclosed connector
connections: ['deque([(<aiohttp.client_proto.ResponseHandler object at 0x000002C045559390>, 429.343)])']
connector: <aiohttp.connector.TCPConnector object at 0x000002C0455E9190>
2025-09-02 18:00:10 [ERROR] Unclosed client session
client_session: <aiohttp.client.ClientSession object at 0x000002C0455732D0>
