2025-09-06 14:21:35 [INFO] Press DELETE key to exit anytime.
2025-09-06 14:21:40 [INFO] Starting Script. Waiting for client...
2025-09-06 14:21:41 [INFO] Connected to League client.
2025-09-06 14:21:42 [INFO] [EVENT] Starting queue.
2025-09-06 14:21:43 [INFO] Picking random champion ID: 876
2025-09-06 14:21:44 [INFO] Accepted ready check.
2025-09-06 14:21:55 [INFO] [EVENT] Game is in progress.
2025-09-06 14:21:57 [INFO] [EVENT] Game is in progress.
2025-09-06 14:21:57 [INFO] Starting bot for mode: core.run_aram
2025-09-06 14:21:57 [INFO] Starting bot for mode: core.run_aram
2025-09-06 14:22:03 [INFO] Game has started.
2025-09-06 14:22:03 [INFO] Game has started.
2025-09-06 14:22:04 [INFO] OCR: Text 'SELL' not found on screen.
2025-09-06 14:22:04 [INFO] OCR: Text 'SELL' not found on screen.
2025-09-06 14:22:05 [INFO] OCR: Text 'SELL' not found on screen.
2025-09-06 14:22:05 [INFO] OCR: Text 'SELL' not found on screen.
2025-09-06 14:22:06 [INFO] OCR: Text 'SELL' not found on screen.
2025-09-06 14:22:06 [INFO] OCR: Text 'SELL' not found on screen.
2025-09-06 14:22:07 [INFO] OCR: Text 'SELL' not found on screen.
2025-09-06 14:22:07 [INFO] OCR: Text 'SELL' not found on screen.
2025-09-06 14:22:08 [INFO] OCR: Text 'SELL' not found on screen.
2025-09-06 14:22:08 [INFO] OCR: Text 'SELL' not found on screen.
2025-09-06 14:22:09 [INFO] OCR: Text 'SELL' not found on screen.
2025-09-06 14:22:09 [INFO] OCR: Text 'SELL' not found on screen.
2025-09-06 14:22:10 [INFO] OCR: Text 'SELL' not found on screen.
2025-09-06 14:22:10 [INFO] OCR: Text 'SELL' not found on screen.
2025-09-06 14:22:12 [INFO] OCR: Text 'SELL' not found on screen.
2025-09-06 14:22:12 [INFO] OCR: Text 'SELL' not found on screen.
2025-09-06 14:22:13 [INFO] OCR: Text 'SELL' not found on screen.
2025-09-06 14:22:13 [INFO] OCR: Text 'SELL' not found on screen.
2025-09-06 14:22:14 [INFO] OCR: Text 'SELL' not found on screen.
2025-09-06 14:22:14 [INFO] OCR: Text 'SELL' not found on screen.
2025-09-06 14:22:14 [INFO] Shop not found, pressing shop key again and retrying...
2025-09-06 14:22:14 [INFO] Shop not found, pressing shop key again and retrying...
2025-09-06 14:22:15 [INFO] OCR: Text 'SELL' not found on screen.
2025-09-06 14:22:15 [INFO] OCR: Text 'SELL' not found on screen.
2025-09-06 14:22:16 [INFO] OCR: Text 'SELL' not found on screen.
2025-09-06 14:22:16 [INFO] OCR: Text 'SELL' not found on screen.
2025-09-06 14:22:17 [INFO] OCR: Text 'SELL' not found on screen.
2025-09-06 14:22:17 [INFO] OCR: Text 'SELL' not found on screen.
2025-09-06 14:22:18 [INFO] OCR: Text 'SELL' not found on screen.
2025-09-06 14:22:18 [INFO] OCR: Text 'SELL' not found on screen.
2025-09-06 14:22:19 [INFO] OCR: Text 'SELL' not found on screen.
2025-09-06 14:22:20 [INFO] OCR: Text 'SELL' not found on screen.
2025-09-06 14:22:20 [INFO] OCR: Text 'SELL' not found on screen.
2025-09-06 14:22:21 [INFO] OCR: Text 'SELL' not found on screen.
2025-09-06 14:22:22 [INFO] OCR: Text 'SELL' not found on screen.
2025-09-06 14:22:22 [INFO] OCR: Text 'SELL' not found on screen.
2025-09-06 14:22:23 [INFO] OCR: Text 'SELL' not found on screen.
2025-09-06 14:22:23 [INFO] OCR: Text 'SELL' not found on screen.
2025-09-06 14:22:24 [INFO] OCR: Text 'SELL' not found on screen.
2025-09-06 14:22:24 [INFO] OCR: Text 'SELL' not found on screen.
2025-09-06 14:22:25 [INFO] OCR: Text 'SELL' not found on screen.
2025-09-06 14:22:25 [INFO] OCR: Text 'SELL' not found on screen.
2025-09-06 14:22:25 [WARNING] Shop could not be detected while attempting to shop.
2025-09-06 14:22:25 [WARNING] Shop could not be detected while attempting to shop.
2025-09-06 14:22:32 [INFO] DELETE key pressed. Exiting program...
