2025-12-22 01:30:30 [INFO] Press DELETE key to exit anytime.
2025-12-22 01:30:34 [INFO] Starting Script. Waiting for client...
2025-12-22 01:30:34 [INFO] Connected to League client.
2025-12-22 01:30:35 [INFO] [EVENT] Starting queue.
2025-12-22 01:30:36 [INFO] Picking random champion ID: 63
2025-12-22 01:30:37 [INFO] Accepted ready check.
2025-12-22 01:30:48 [INFO] [EVENT] Game is in progress.
2025-12-22 01:30:48 [INFO] Starting bot for mode: core.run_aram
2025-12-22 01:30:48 [WARNING] Request succeeded, but game data not found.
2025-12-22 01:30:53 [INFO] Game loop has started.
2025-12-22 01:31:02 [INFO] Ally spotted.
2025-12-22 01:31:02 [INFO] [(1240, 538)]
2025-12-22 01:31:02 [INFO] Enemy spotted.
2025-12-22 01:31:04 [INFO] Ally spotted.
2025-12-22 01:31:04 [INFO] [(1282, 389)]
2025-12-22 01:31:04 [INFO] Enemy spotted.
2025-12-22 01:31:06 [INFO] Ally spotted.
2025-12-22 01:31:06 [INFO] [(1144, 659)]
2025-12-22 01:31:06 [INFO] Enemy spotted.
2025-12-22 01:31:08 [INFO] Ally spotted.
2025-12-22 01:31:08 [INFO] [(1143, 392)]
2025-12-22 01:31:08 [INFO] Enemy spotted.
2025-12-22 01:31:10 [INFO] Ally spotted.
2025-12-22 01:31:10 [INFO] [(1191, 389)]
2025-12-22 01:31:10 [INFO] Enemy spotted.
2025-12-22 01:31:12 [INFO] Ally spotted.
2025-12-22 01:31:12 [INFO] [(1043, 471)]
2025-12-22 01:31:12 [INFO] Enemy spotted.
2025-12-22 01:31:14 [INFO] Ally spotted.
2025-12-22 01:31:14 [INFO] [(1048, 444)]
2025-12-22 01:31:14 [INFO] Enemy spotted.
2025-12-22 01:31:17 [INFO] Ally spotted.
2025-12-22 01:31:17 [INFO] [(759, 507)]
2025-12-22 01:31:17 [INFO] Enemy spotted.
2025-12-22 01:31:19 [INFO] Ally spotted.
2025-12-22 01:31:19 [INFO] [(759, 557)]
2025-12-22 01:31:19 [INFO] Enemy spotted.
2025-12-22 01:31:21 [INFO] Ally spotted.
2025-12-22 01:31:21 [INFO] [(820, 475)]
2025-12-22 01:31:21 [INFO] Enemy spotted.
2025-12-22 01:31:23 [INFO] Ally spotted.
2025-12-22 01:31:23 [INFO] [(700, 478)]
2025-12-22 01:31:23 [INFO] Enemy spotted.
2025-12-22 01:31:25 [INFO] Ally spotted.
2025-12-22 01:31:25 [INFO] [(644, 482)]
2025-12-22 01:31:25 [INFO] Enemy spotted.
2025-12-22 01:31:27 [INFO] Ally spotted.
2025-12-22 01:31:27 [INFO] [(776, 432), (1423, 461)]
2025-12-22 01:31:27 [INFO] Enemy spotted.
2025-12-22 01:31:30 [INFO] Ally spotted.
2025-12-22 01:31:30 [INFO] [(776, 432), (1423, 461)]
2025-12-22 01:31:30 [INFO] Enemy spotted.
2025-12-22 01:31:31 [INFO] Shutting down program...
2025-12-22 01:31:31 [INFO] [INFO] Connector has been closed.
2025-12-22 01:31:33 [ERROR] Polling thread is not running, failed to close
2025-12-22 01:31:33 [INFO] Capture thread has exited.
2025-12-22 01:31:33 [INFO] Game loop has exited.
2025-12-22 01:31:33 [INFO] Bot thread has exited.
2025-12-22 01:31:33 [INFO] Shut down complete.
2025-12-22 01:31:47 [INFO] [INFO] Connector has been closed.
