2025-12-23 13:49:31 [INFO] Press DELETE key to exit anytime.
2025-12-23 13:49:33 [INFO] Starting Script. Waiting for client...
2025-12-23 13:49:34 [INFO] Connected to League client.
2025-12-23 13:49:35 [INFO] [EVENT] Starting queue.
2025-12-23 13:49:35 [INFO] Picking random champion ID: 202
2025-12-23 13:49:36 [INFO] Accepted ready check.
2025-12-23 13:49:47 [INFO] [EVENT] Game is in progress.
2025-12-23 13:49:47 [INFO] Starting bot for mode: core.run_aram
2025-12-23 13:49:48 [WARNING] Request succeeded, but game data not found.
2025-12-23 13:49:53 [WARNING] Request succeeded, but game data not found.
2025-12-23 13:49:59 [INFO] Game loop has started.
2025-12-23 13:50:14 [INFO] [EVENT] Game ended.
2025-12-23 13:50:16 [ERROR] Game data request failed.
2025-12-23 13:50:23 [ERROR] Game data request failed.
2025-12-23 13:50:30 [ERROR] Game data request failed.
2025-12-23 13:50:33 [INFO] Shutting down program...
2025-12-23 13:50:35 [INFO] Polling thread has exited.
2025-12-23 13:50:35 [INFO] Game loop has ended.
2025-12-23 13:50:35 [INFO] Game loop duration: 00:00:36
2025-12-23 13:50:35 [INFO] Bot thread has exited.
2025-12-23 13:51:02 [INFO] Event loop interrupted by keyboard
2025-12-23 13:51:02 [ERROR] Task exception was never retrieved
future: <Task finished name='Task-19' coro=<on_gameflow_phase() done, defined at c:\Users\Wesley\Documents\GitHub\INTAI\main.py:59> exception=KeyboardInterrupt()>
Traceback (most recent call last):
  File "C:\Users\Wesley\AppData\Local\Programs\Python\Python311\Lib\site-packages\lcu_driver\connector.py", line 70, in start
    wrapper()
  File "C:\Users\Wesley\AppData\Local\Programs\Python\Python311\Lib\site-packages\lcu_driver\connector.py", line 64, in wrapper
    self.loop.run_until_complete(connection.init())
  File "C:\Users\Wesley\AppData\Local\Programs\Python\Python311\Lib\asyncio\base_events.py", line 641, in run_until_complete
    self.run_forever()
  File "C:\Users\Wesley\AppData\Local\Programs\Python\Python311\Lib\asyncio\windows_events.py", line 321, in run_forever
    super().run_forever()
  File "C:\Users\Wesley\AppData\Local\Programs\Python\Python311\Lib\asyncio\base_events.py", line 608, in run_forever
    self._run_once()
  File "C:\Users\Wesley\AppData\Local\Programs\Python\Python311\Lib\asyncio\base_events.py", line 1936, in _run_once
    handle._run()
  File "C:\Users\Wesley\AppData\Local\Programs\Python\Python311\Lib\asyncio\events.py", line 84, in _run
    self._context.run(self._callback, *self._args)
  File "c:\Users\Wesley\Documents\GitHub\INTAI\main.py", line 117, in on_gameflow_phase
    while wait_for_window(LEAGUE_GAME_WINDOW_TITLE, timeout=30) != None:
          ^^^^^^^^^^^^^^^^^^^^^^^^^^^^^^^^^^^^^^^^^^^^^^^^^^^^^
  File "c:\Users\Wesley\Documents\GitHub\INTAI\utils\general_utils.py", line 153, in wait_for_window
    time.sleep(1)
KeyboardInterrupt
2025-12-23 13:51:02 [ERROR] Task was destroyed but it is pending!
task: <Task pending name='Task-20' coro=<on_gameflow_phase() done, defined at c:\Users\Wesley\Documents\GitHub\INTAI\main.py:59> wait_for=<Future pending cb=[Task.task_wakeup()]>>
2025-12-23 13:51:02 [ERROR] Unclosed client session
client_session: <aiohttp.client.ClientSession object at 0x0000021FFEC032D0>
2025-12-23 13:51:02 [ERROR] Unclosed client session
client_session: <aiohttp.client.ClientSession object at 0x0000021FFE7FC990>
