2025-09-06 13:36:49 [INFO] Press DELETE key to exit anytime.
2025-09-06 13:36:51 [INFO] Game mode set to 'aram'.
2025-09-06 13:36:52 [INFO] Starting Script. Waiting for client...
2025-09-06 13:36:52 [INFO] Connected to League client.
2025-09-06 13:36:54 [INFO] [EVENT] Starting queue.
2025-09-06 13:36:54 [INFO] Picking random champion ID: 121
2025-09-06 13:36:55 [INFO] Accepted ready check.
2025-09-06 13:37:06 [INFO] [EVENT] Game is in progress.
2025-09-06 13:37:08 [INFO] [EVENT] Game is in progress.
2025-09-06 13:37:08 [INFO] Starting bot for mode: core.run_aram
2025-09-06 13:37:08 [INFO] Starting bot for mode: core.run_aram
2025-09-06 13:37:19 [INFO] Game has started.
2025-09-06 13:37:19 [INFO] Game has started.
2025-09-06 13:37:20 [INFO] OCR: Text 'SELL' not found on screen.
2025-09-06 13:37:20 [INFO] OCR: Text 'SELL' not found on screen.
2025-09-06 13:37:21 [INFO] OCR: Text 'SELL' not found on screen.
2025-09-06 13:37:21 [INFO] OCR: Text 'SELL' not found on screen.
2025-09-06 13:37:22 [INFO] OCR: Text 'SELL' not found on screen.
2025-09-06 13:37:22 [INFO] OCR: Text 'SELL' not found on screen.
2025-09-06 13:37:23 [INFO] OCR: Text 'SELL' not found on screen.
2025-09-06 13:37:23 [INFO] OCR: Text 'SELL' not found on screen.
2025-09-06 13:37:24 [INFO] OCR: Text 'SELL' not found on screen.
2025-09-06 13:37:24 [INFO] OCR: Text 'SELL' not found on screen.
2025-09-06 13:37:25 [INFO] OCR: Text 'SELL' not found on screen.
2025-09-06 13:37:25 [INFO] OCR: Text 'SELL' not found on screen.
2025-09-06 13:37:26 [INFO] OCR: Text 'SELL' not found on screen.
2025-09-06 13:37:26 [INFO] OCR: Text 'SELL' not found on screen.
2025-09-06 13:37:28 [INFO] OCR: Text 'SELL' not found on screen.
2025-09-06 13:37:28 [INFO] OCR: Text 'SELL' not found on screen.
2025-09-06 13:37:29 [INFO] OCR: Text 'SELL' not found on screen.
2025-09-06 13:37:29 [INFO] OCR: Text 'SELL' not found on screen.
2025-09-06 13:37:30 [INFO] OCR: Text 'SELL' not found on screen.
2025-09-06 13:37:30 [INFO] OCR: Text 'SELL' not found on screen.
2025-09-06 13:37:30 [INFO] Shop not found, pressing shop key again and retrying...
2025-09-06 13:37:30 [INFO] Shop not found, pressing shop key again and retrying...
2025-09-06 13:37:32 [INFO] OCR: Found text 'SELL' at location (583, 850, 36, 12)
2025-09-06 13:37:32 [INFO] OCR: Found text 'SELL' at location (583, 850, 36, 12)
2025-09-06 13:37:39 [INFO] DELETE key pressed. Exiting program...
