2025-08-30 19:23:19 [INFO] Press DELETE key to exit anytime.
2025-08-30 19:23:45 [INFO] Running tests...
2025-08-30 19:23:45 [INFO] Running tests...
2025-08-30 19:23:46 [INFO] 7

File

Edit

Selection

View Go

Run

Terminal

€>

P& League-Scripts-2

| By

oO

BS)

| Menu

-

o

a

5

utils.py M

 general_utils.py M

® constants.py M

Dy ®

INTAI Menu

fs

Current

ne

p(stop_event)

wey

es

a

Rw

(module,

main

x

Bm INTAL

+

ain()

ome

1¢

Ti

+

¥

x |

err

CAUsers\Wesley\Docur x

1¢

2025-88-38 19:23:19 [INFO] Press DELETE key to exit anytime

@ Details

—

2825-98-38 19:23:45 [INFO] Running tests...

est:|

inft

nds

me.

sere

ch

oe]

=

infi

Tun_test.py

235

else:

ee

> dist

236

logging. infi

> docs

237

connector. s”

238

> logs

> tesseract

239

240

#

> tests

241

# Main Entry Point

© utils

242

#

> _pycache__

243

® _init_py

244

”

® config_utilspy

245

if

name__

mi

246

® game_utils.py

247

Main entry poin

® general_utils.py

248

Handles menu na‘

© gitattributes

249

build.bat

250

disable_insecure_request_warning()

= INTALspec

251

enable_logging()

© mainpy

252

threading. Thread(target=listen_for_exit_key, daemon=True).start()

 preprocessed_image...

253

show_menu(run_script) # Launch the GUI menu and pass the connector

254

255

ace

> TIMELINE

a

A

ENG

ey

723M

GED F 0

menos

Byso/2025

2025-08-30 19:23:46 [INFO] Tests completed.
